Linux 5.4.0-81-generic (alya-X550LB) 	02/28/2023 	_x86_64_	(4 CPU)

08:01:54 AM   UID       PID    %usr %system  %guest   %wait    %CPU   CPU  Command
08:01:57 AM  1000      2750    6.00    2.33    0.00    0.33    8.33     3  firefox

08:01:54 AM   UID       PID  minflt/s  majflt/s     VSZ     RSS   %MEM  Command
08:01:57 AM  1000      2750      0.00      0.00 4204660  374920   4.67  firefox

08:01:57 AM   UID       PID    %usr %system  %guest   %wait    %CPU   CPU  Command
08:02:00 AM  1000      2750    4.33    2.33    0.00    0.00    6.67     0  firefox

08:01:57 AM   UID       PID  minflt/s  majflt/s     VSZ     RSS   %MEM  Command
08:02:00 AM  1000      2750      0.00      0.00 4204660  374920   4.67  firefox

08:02:00 AM   UID       PID    %usr %system  %guest   %wait    %CPU   CPU  Command
08:02:03 AM  1000      2750    4.00    2.67    0.00    0.00    6.67     3  firefox

08:02:00 AM   UID       PID  minflt/s  majflt/s     VSZ     RSS   %MEM  Command
08:02:03 AM  1000      2750      0.33      0.00 4204660  374920   4.67  firefox

08:02:03 AM   UID       PID    %usr %system  %guest   %wait    %CPU   CPU  Command
08:02:06 AM  1000      2750    5.33    2.67    0.00    0.00    8.00     0  firefox

08:02:03 AM   UID       PID  minflt/s  majflt/s     VSZ     RSS   %MEM  Command
08:02:06 AM  1000      2750      0.00      0.00 4204660  374920   4.67  firefox

08:02:06 AM   UID       PID    %usr %system  %guest   %wait    %CPU   CPU  Command
08:02:09 AM  1000      2750    4.00    3.00    0.00    0.00    7.00     3  firefox

08:02:06 AM   UID       PID  minflt/s  majflt/s     VSZ     RSS   %MEM  Command
08:02:09 AM  1000      2750      0.00      0.00 4204660  374920   4.67  firefox

08:02:09 AM   UID       PID    %usr %system  %guest   %wait    %CPU   CPU  Command
08:02:12 AM  1000      2750    5.00    3.33    0.00    0.00    8.33     1  firefox

08:02:09 AM   UID       PID  minflt/s  majflt/s     VSZ     RSS   %MEM  Command
08:02:12 AM  1000      2750      0.00      0.00 4204660  374920   4.67  firefox

08:02:12 AM   UID       PID    %usr %system  %guest   %wait    %CPU   CPU  Command
08:02:15 AM  1000      2750    4.00    2.33    0.00    0.00    6.33     3  firefox

08:02:12 AM   UID       PID  minflt/s  majflt/s     VSZ     RSS   %MEM  Command
08:02:15 AM  1000      2750      0.00      0.00 4204660  374920   4.67  firefox

08:02:15 AM   UID       PID    %usr %system  %guest   %wait    %CPU   CPU  Command
08:02:18 AM  1000      2750    5.33    3.00    0.00    0.33    8.33     3  firefox

08:02:15 AM   UID       PID  minflt/s  majflt/s     VSZ     RSS   %MEM  Command
08:02:18 AM  1000      2750      0.00      0.00 4204660  374920   4.67  firefox

08:02:18 AM   UID       PID    %usr %system  %guest   %wait    %CPU   CPU  Command
08:02:21 AM  1000      2750    4.00    2.00    0.00    0.00    6.00     3  firefox

08:02:18 AM   UID       PID  minflt/s  majflt/s     VSZ     RSS   %MEM  Command
08:02:21 AM  1000      2750      0.00      0.00 4204660  374920   4.67  firefox

08:02:21 AM   UID       PID    %usr %system  %guest   %wait    %CPU   CPU  Command
08:02:24 AM  1000      2750    3.67    3.00    0.00    0.00    6.67     1  firefox

08:02:21 AM   UID       PID  minflt/s  majflt/s     VSZ     RSS   %MEM  Command
08:02:24 AM  1000      2750      0.00      0.00 4204660  374920   4.67  firefox

Average:      UID       PID    %usr %system  %guest   %wait    %CPU   CPU  Command
Average:     1000      2750    4.57    2.67    0.00    0.07    7.23     -  firefox

Average:      UID       PID  minflt/s  majflt/s     VSZ     RSS   %MEM  Command
Average:     1000      2750      0.03      0.00 4204660  374920   4.67  firefox
