Linux 5.4.0-81-generic (alya-X550LB) 	10/24/2022 	_x86_64_	(4 CPU)

Device             tps    kB_read/s    kB_wrtn/s    kB_dscd/s    kB_read    kB_wrtn    kB_dscd
sda2             10.97       146.23      1564.14         0.00    4686941   50132236          0


Device             tps    kB_read/s    kB_wrtn/s    kB_dscd/s    kB_read    kB_wrtn    kB_dscd
sda2             17.68         0.13     15459.67         0.00          8     927580          0


Device             tps    kB_read/s    kB_wrtn/s    kB_dscd/s    kB_read    kB_wrtn    kB_dscd
sda2             25.50         8.40     20703.13         0.00        504    1242188          0


Device             tps    kB_read/s    kB_wrtn/s    kB_dscd/s    kB_read    kB_wrtn    kB_dscd
sda2             26.27         0.00     21265.47         0.00          0    1275928          0


Device             tps    kB_read/s    kB_wrtn/s    kB_dscd/s    kB_read    kB_wrtn    kB_dscd
sda2             20.62         0.27     18341.40         0.00         16    1100484          0


Device             tps    kB_read/s    kB_wrtn/s    kB_dscd/s    kB_read    kB_wrtn    kB_dscd
sda2             19.60         0.73     18248.87         0.00         44    1094932          0


Device             tps    kB_read/s    kB_wrtn/s    kB_dscd/s    kB_read    kB_wrtn    kB_dscd
sda2             22.63         1.47     19972.80         0.00         88    1198368          0


Device             tps    kB_read/s    kB_wrtn/s    kB_dscd/s    kB_read    kB_wrtn    kB_dscd
sda2             21.85         1.13     17807.13         0.00         68    1068428          0


Device             tps    kB_read/s    kB_wrtn/s    kB_dscd/s    kB_read    kB_wrtn    kB_dscd
sda2             17.60         0.00     16291.60         0.00          0     977496          0


Device             tps    kB_read/s    kB_wrtn/s    kB_dscd/s    kB_read    kB_wrtn    kB_dscd
sda2             23.57         0.00     21138.40         0.00          0    1268304          0


