top - 08:01:54 up  8:22,  1 user,  load average: 0.93, 1.58, 1.92
Threads:  96 total,   0 running,  96 sleeping,   0 stopped,   0 zombie
%Cpu(s):  7.8 us,  1.6 sy,  0.0 ni, 73.4 id, 15.6 wa,  0.0 hi,  1.6 si,  0.0 st
MiB Mem :   7845.5 total,    517.6 free,   4901.2 used,   2426.7 buff/cache
MiB Swap:   2048.0 total,   1881.5 free,    166.5 used.   1614.3 avail Mem 

    PID USER      PR  NI    VIRT    RES    SHR S  %CPU  %MEM     TIME+ COMMAND
   2979 alya      20   0 4204660 374920  93828 S   6.2   4.7   6:01.32 Composi+
   2750 alya      20   0 4204660 374920  93828 S   0.0   4.7  10:22.18 firefox
   2914 alya      20   0 4204660 374920  93828 S   0.0   4.7   0:00.00 gmain
   2915 alya      20   0 4204660 374920  93828 S   0.0   4.7   0:00.26 gdbus
   2916 alya      20   0 4204660 374920  93828 S   0.0   4.7   5:42.59 IPC I/O+
   2934 alya      20   0 4204660 374920  93828 S   0.0   4.7   0:04.87 Timer
   2935 alya      20   0 4204660 374920  93828 S   0.0   4.7   0:00.00 Netlink+
   2936 alya      20   0 4204660 374920  93828 S   0.0   4.7   4:17.25 Socket +
   2942 alya      20   0 4204660 374920  93828 S   0.0   4.7   0:00.02 Permiss+
   2946 alya      20   0 4204660 374920  93828 S   0.0   4.7   0:00.45 JS Watc+
   2947 alya      20   0 4204660 374920  93828 S   0.0   4.7   0:00.74 TaskCon+
   2948 alya      20   0 4204660 374920  93828 S   0.0   4.7   0:00.68 TaskCon+
   2949 alya      20   0 4204660 374920  93828 S   0.0   4.7   0:00.64 TaskCon+
   2950 alya      20   0 4204660 374920  93828 S   0.0   4.7   0:00.73 TaskCon+
   2954 alya      20   0 4204660 374920  93828 S   0.0   4.7   1:03.14 Cache2 +
   2955 alya      20   0 4204660 374920  93828 S   0.0   4.7   0:00.00 Cookie
   2960 alya      20   0 4204660 374920  93828 S   0.0   4.7   0:00.00 Worker +
   2961 alya      39  19 4204660 374920  93828 S   0.0   4.7   0:00.00 firefox+
   2962 alya      39  19 4204660 374920  93828 S   0.0   4.7   0:00.00 firefox+
   2963 alya      39  19 4204660 374920  93828 S   0.0   4.7   0:00.00 firefox+
   2964 alya      39  19 4204660 374920  93828 S   0.0   4.7   0:00.00 firefox+
   2965 alya      20   0 4204660 374920  93828 S   0.0   4.7   3:30.31 GLXVsyn+
   2966 alya      39  19 4204660 374920  93828 S   0.0   4.7   0:00.00 firefox+
   2967 alya      39  19 4204660 374920  93828 S   0.0   4.7   0:00.00 firefox+
   2968 alya      39  19 4204660 374920  93828 S   0.0   4.7   0:00.00 firefox+
   2969 alya      39  19 4204660 374920  93828 S   0.0   4.7   0:00.00 firefox+
   2970 alya      20   0 4204660 374920  93828 S   0.0   4.7  17:15.92 Renderer
   2971 alya      20   0 4204660 374920  93828 S   0.0   4.7   0:00.15 WRWorke+
   2972 alya      20   0 4204660 374920  93828 S   0.0   4.7   0:00.11 WRWorke+
   2973 alya      20   0 4204660 374920  93828 S   0.0   4.7   0:00.10 WRWorke+
   2974 alya      20   0 4204660 374920  93828 S   0.0   4.7   0:00.10 WRWorke+
   2975 alya      20   0 4204660 374920  93828 S   0.0   4.7   0:00.05 WRWorke+
   2976 alya      20   0 4204660 374920  93828 S   0.0   4.7   0:00.04 WRWorke+
   2977 alya      20   0 4204660 374920  93828 S   0.0   4.7   0:00.03 WRWorke+
   2978 alya      20   0 4204660 374920  93828 S   0.0   4.7   0:00.02 WRWorke+
   2980 alya      20   0 4204660 374920  93828 S   0.0   4.7   0:00.00 ImageIO
   2981 alya      20   0 4204660 374920  93828 S   0.0   4.7   3:31.47 IPDL Ba+
   3003 alya      20   0 4204660 374920  93828 S   0.0   4.7   0:00.00 Breakpa+
   3004 alya      20   0 4204660 374920  93828 S   0.0   4.7   0:00.00 firefox
   3005 alya      20   0 4204660 374920  93828 S   0.0   4.7   0:00.06 IPC Lau+
   3012 alya      20   0 4204660 374920  93828 S   0.0   4.7   0:00.09 DOM Wor+
   3013 alya      20   0 4204660 374920  93828 S   0.0   4.7   0:00.17 QuotaMa+
   3015 alya      20   0 4204660 374920  93828 S   0.0   4.7   0:00.00 FS Brok+
   3052 alya      20   0 4204660 374920  93828 S   0.0   4.7   0:03.46 TRR Bac+
   3063 alya      20   0 4204660 374920  93828 S   0.0   4.7   0:00.07 StyleTh+
   3064 alya      20   0 4204660 374920  93828 S   0.0   4.7   0:00.07 StyleTh+
   3065 alya      20   0 4204660 374920  93828 S   0.0   4.7   0:00.05 StyleTh+
   3067 alya      20   0 4204660 374920  93828 S   0.0   4.7   0:00.00 ImageBr+
   3068 alya      20   0 4204660 374920  93828 S   0.0   4.7   3:10.48 WRScene+
   3069 alya      20   0 4204660 374920  93828 S   0.0   4.7   0:06.05 WRScene+
   3070 alya      20   0 4204660 374920  93828 S   0.0   4.7   8:05.91 WRRende+
   3082 alya      20   0 4204660 374920  93828 S   0.0   4.7   0:00.00 GMPThre+
   3083 alya      20   0 4204660 374920  93828 S   0.0   4.7   0:00.01 FS Brok+
   3084 alya      20   0 4204660 374920  93828 S   0.0   4.7   0:00.00 Process+
   3103 alya     -11   0 4204660 374920  93828 S   0.0   4.7   0:37.47 AudioIP+
   3104 alya      20   0 4204660 374920  93828 S   0.0   4.7   3:48.21 AudioIP+
   3107 alya      20   0 4204660 374920  93828 S   0.0   4.7   0:00.00 FS Brok+
   3128 alya      20   0 4204660 374920  93828 S   0.0   4.7   0:00.00 dconf w+
   3130 alya      20   0 4204660 374920  93828 S   0.0   4.7   1:15.63 URL Cla+
   3132 alya      20   0 4204660 374920  93828 S   0.0   4.7   0:00.00 HTML5 P+
   3133 alya      20   0 4204660 374920  93828 S   0.0   4.7   0:00.00 WRScene+
   3134 alya      20   0 4204660 374920  93828 S   0.0   4.7   0:00.00 WRScene+
   3135 alya      20   0 4204660 374920  93828 S   0.0   4.7   0:00.00 WRRende+
   3141 alya      20   0 4204660 374920  93828 S   0.0   4.7   0:01.06 DOM Wor+
   3142 alya      21   1 4204660 374920  93828 S   0.0   4.7   0:00.94 localSt+
   3143 alya      21   1 4204660 374920  93828 S   0.0   4.7   0:00.00 localSt+
   3148 alya      20   0 4204660 374920  93828 S   0.0   4.7   0:00.00 FS Brok+
   3190 alya      20   0 4204660 374920  93828 S   0.0   4.7   0:00.25 mozStor+
   3200 alya      20   0 4204660 374920  93828 S   0.0   4.7   0:08.00 DOM Wor+
   3201 alya      20   0 4204660 374920  93828 S   0.0   4.7   0:00.64 mozStor+
   3203 alya      20   0 4204660 374920  93828 S   0.0   4.7   0:00.04 glean.d+
   3207 alya      20   0 4204660 374920  93828 S   0.0   4.7   0:00.00 glean.m+
   3210 alya      20   0 4204660 374920  93828 S   0.0   4.7   0:00.00 mozStor+
   3212 alya      20   0 4204660 374920  93828 S   0.0   4.7   0:00.41 mozStor+
   3213 alya      20   0 4204660 374920  93828 S   0.0   4.7   0:00.00 mozStor+
   3219 alya      20   0 4204660 374920  93828 S   0.0   4.7   0:00.00 FS Brok+
   3246 alya      20   0 4204660 374920  93828 S   0.0   4.7   0:00.01 mozStor+
   3247 alya      20   0 4204660 374920  93828 S   0.0   4.7   0:00.05 DOM Wor+
   3249 alya      20   0 4204660 374920  93828 S   0.0   4.7   0:00.06 mozStor+
   3254 alya      20   0 4204660 374920  93828 S   0.0   4.7   0:00.00 mozStor+
   3431 alya      20   0 4204660 374920  93828 S   0.0   4.7   0:00.00 FS Brok+
   3444 alya      20   0 4204660 374920  93828 S   0.0   4.7   0:00.00 SwCompo+
   3445 alya      20   0 4204660 374920  93828 S   0.0   4.7   0:00.00 WRScene+
   3446 alya      20   0 4204660 374920  93828 S   0.0   4.7   0:00.00 WRScene+
   3447 alya      20   0 4204660 374920  93828 S   0.0   4.7   0:00.00 WRRende+
   3489 alya      20   0 4204660 374920  93828 S   0.0   4.7   0:00.00 SwCompo+
   3490 alya      20   0 4204660 374920  93828 S   0.0   4.7   0:00.00 WRScene+
   3491 alya      20   0 4204660 374920  93828 S   0.0   4.7   0:00.00 WRScene+
   3492 alya      20   0 4204660 374920  93828 S   0.0   4.7   0:00.01 WRRende+
   4198 alya      20   0 4204660 374920  93828 S   0.0   4.7   0:00.07 DNS Res+
  11271 alya      20   0 4204660 374920  93828 S   0.0   4.7   0:39.27 threade+
  13131 alya      20   0 4204660 374920  93828 S   0.0   4.7   0:00.00 RemoteL+
  13427 alya      20   0 4204660 374920  93828 S   0.0   4.7   0:00.54 DOMCach+
  13903 alya      20   0 4204660 374920  93828 S   0.0   4.7   0:00.00 FS Brok+
  17807 alya      20   0 4204660 374920  93828 S   0.0   4.7   0:00.00 Backgro+
  18956 alya      20   0 4204660 374920  93828 S   0.0   4.7   0:00.00 StreamT+

top - 08:01:57 up  8:22,  1 user,  load average: 0.93, 1.58, 1.92
Threads:  96 total,   0 running,  96 sleeping,   0 stopped,   0 zombie
%Cpu(s):  9.1 us,  1.8 sy,  0.0 ni, 86.2 id,  2.0 wa,  0.0 hi,  0.9 si,  0.0 st
MiB Mem :   7845.5 total,    517.3 free,   4902.8 used,   2425.3 buff/cache
MiB Swap:   2048.0 total,   1881.5 free,    166.5 used.   1614.0 avail Mem 

    PID USER      PR  NI    VIRT    RES    SHR S  %CPU  %MEM     TIME+ COMMAND
   2979 alya      20   0 4204660 374920  93828 S   1.7   4.7   6:01.37 Composi+
   2916 alya      20   0 4204660 374920  93828 S   1.3   4.7   5:42.63 IPC I/O+
   2970 alya      20   0 4204660 374920  93828 S   1.3   4.7  17:15.96 Renderer
   2965 alya      20   0 4204660 374920  93828 S   1.0   4.7   3:30.34 GLXVsyn+
   2981 alya      20   0 4204660 374920  93828 S   1.0   4.7   3:31.50 IPDL Ba+
   3068 alya      20   0 4204660 374920  93828 S   1.0   4.7   3:10.51 WRScene+
   2750 alya      20   0 4204660 374920  93828 S   0.7   4.7  10:22.20 firefox
   3070 alya      20   0 4204660 374920  93828 S   0.7   4.7   8:05.93 WRRende+
   2914 alya      20   0 4204660 374920  93828 S   0.0   4.7   0:00.00 gmain
   2915 alya      20   0 4204660 374920  93828 S   0.0   4.7   0:00.26 gdbus
   2934 alya      20   0 4204660 374920  93828 S   0.0   4.7   0:04.87 Timer
   2935 alya      20   0 4204660 374920  93828 S   0.0   4.7   0:00.00 Netlink+
   2936 alya      20   0 4204660 374920  93828 S   0.0   4.7   4:17.25 Socket +
   2942 alya      20   0 4204660 374920  93828 S   0.0   4.7   0:00.02 Permiss+
   2946 alya      20   0 4204660 374920  93828 S   0.0   4.7   0:00.45 JS Watc+
   2947 alya      20   0 4204660 374920  93828 S   0.0   4.7   0:00.74 TaskCon+
   2948 alya      20   0 4204660 374920  93828 S   0.0   4.7   0:00.68 TaskCon+
   2949 alya      20   0 4204660 374920  93828 S   0.0   4.7   0:00.64 TaskCon+
   2950 alya      20   0 4204660 374920  93828 S   0.0   4.7   0:00.73 TaskCon+
   2954 alya      20   0 4204660 374920  93828 S   0.0   4.7   1:03.14 Cache2 +
   2955 alya      20   0 4204660 374920  93828 S   0.0   4.7   0:00.00 Cookie
   2960 alya      20   0 4204660 374920  93828 S   0.0   4.7   0:00.00 Worker +
   2961 alya      39  19 4204660 374920  93828 S   0.0   4.7   0:00.00 firefox+
   2962 alya      39  19 4204660 374920  93828 S   0.0   4.7   0:00.00 firefox+
   2963 alya      39  19 4204660 374920  93828 S   0.0   4.7   0:00.00 firefox+
   2964 alya      39  19 4204660 374920  93828 S   0.0   4.7   0:00.00 firefox+
   2966 alya      39  19 4204660 374920  93828 S   0.0   4.7   0:00.00 firefox+
   2967 alya      39  19 4204660 374920  93828 S   0.0   4.7   0:00.00 firefox+
   2968 alya      39  19 4204660 374920  93828 S   0.0   4.7   0:00.00 firefox+
   2969 alya      39  19 4204660 374920  93828 S   0.0   4.7   0:00.00 firefox+
   2971 alya      20   0 4204660 374920  93828 S   0.0   4.7   0:00.15 WRWorke+
   2972 alya      20   0 4204660 374920  93828 S   0.0   4.7   0:00.11 WRWorke+
   2973 alya      20   0 4204660 374920  93828 S   0.0   4.7   0:00.10 WRWorke+
   2974 alya      20   0 4204660 374920  93828 S   0.0   4.7   0:00.10 WRWorke+
   2975 alya      20   0 4204660 374920  93828 S   0.0   4.7   0:00.05 WRWorke+
   2976 alya      20   0 4204660 374920  93828 S   0.0   4.7   0:00.04 WRWorke+
   2977 alya      20   0 4204660 374920  93828 S   0.0   4.7   0:00.03 WRWorke+
   2978 alya      20   0 4204660 374920  93828 S   0.0   4.7   0:00.02 WRWorke+
   2980 alya      20   0 4204660 374920  93828 S   0.0   4.7   0:00.00 ImageIO
   3003 alya      20   0 4204660 374920  93828 S   0.0   4.7   0:00.00 Breakpa+
   3004 alya      20   0 4204660 374920  93828 S   0.0   4.7   0:00.00 firefox
   3005 alya      20   0 4204660 374920  93828 S   0.0   4.7   0:00.06 IPC Lau+
   3012 alya      20   0 4204660 374920  93828 S   0.0   4.7   0:00.09 DOM Wor+
   3013 alya      20   0 4204660 374920  93828 S   0.0   4.7   0:00.17 QuotaMa+
   3015 alya      20   0 4204660 374920  93828 S   0.0   4.7   0:00.00 FS Brok+
   3052 alya      20   0 4204660 374920  93828 S   0.0   4.7   0:03.46 TRR Bac+
   3063 alya      20   0 4204660 374920  93828 S   0.0   4.7   0:00.07 StyleTh+
   3064 alya      20   0 4204660 374920  93828 S   0.0   4.7   0:00.07 StyleTh+
   3065 alya      20   0 4204660 374920  93828 S   0.0   4.7   0:00.05 StyleTh+
   3067 alya      20   0 4204660 374920  93828 S   0.0   4.7   0:00.00 ImageBr+
   3069 alya      20   0 4204660 374920  93828 S   0.0   4.7   0:06.05 WRScene+
   3082 alya      20   0 4204660 374920  93828 S   0.0   4.7   0:00.00 GMPThre+
   3083 alya      20   0 4204660 374920  93828 S   0.0   4.7   0:00.01 FS Brok+
   3084 alya      20   0 4204660 374920  93828 S   0.0   4.7   0:00.00 Process+
   3103 alya     -11   0 4204660 374920  93828 S   0.0   4.7   0:37.47 AudioIP+
   3104 alya      20   0 4204660 374920  93828 S   0.0   4.7   3:48.21 AudioIP+
   3107 alya      20   0 4204660 374920  93828 S   0.0   4.7   0:00.00 FS Brok+
   3128 alya      20   0 4204660 374920  93828 S   0.0   4.7   0:00.00 dconf w+
   3130 alya      20   0 4204660 374920  93828 S   0.0   4.7   1:15.63 URL Cla+
   3132 alya      20   0 4204660 374920  93828 S   0.0   4.7   0:00.00 HTML5 P+
   3133 alya      20   0 4204660 374920  93828 S   0.0   4.7   0:00.00 WRScene+
   3134 alya      20   0 4204660 374920  93828 S   0.0   4.7   0:00.00 WRScene+
   3135 alya      20   0 4204660 374920  93828 S   0.0   4.7   0:00.00 WRRende+
   3141 alya      20   0 4204660 374920  93828 S   0.0   4.7   0:01.06 DOM Wor+
   3142 alya      21   1 4204660 374920  93828 S   0.0   4.7   0:00.94 localSt+
   3143 alya      21   1 4204660 374920  93828 S   0.0   4.7   0:00.00 localSt+
   3148 alya      20   0 4204660 374920  93828 S   0.0   4.7   0:00.00 FS Brok+
   3190 alya      20   0 4204660 374920  93828 S   0.0   4.7   0:00.25 mozStor+
   3200 alya      20   0 4204660 374920  93828 S   0.0   4.7   0:08.00 DOM Wor+
   3201 alya      20   0 4204660 374920  93828 S   0.0   4.7   0:00.64 mozStor+
   3203 alya      20   0 4204660 374920  93828 S   0.0   4.7   0:00.04 glean.d+
   3207 alya      20   0 4204660 374920  93828 S   0.0   4.7   0:00.00 glean.m+
   3210 alya      20   0 4204660 374920  93828 S   0.0   4.7   0:00.00 mozStor+
   3212 alya      20   0 4204660 374920  93828 S   0.0   4.7   0:00.41 mozStor+
   3213 alya      20   0 4204660 374920  93828 S   0.0   4.7   0:00.00 mozStor+
   3219 alya      20   0 4204660 374920  93828 S   0.0   4.7   0:00.00 FS Brok+
   3246 alya      20   0 4204660 374920  93828 S   0.0   4.7   0:00.01 mozStor+
   3247 alya      20   0 4204660 374920  93828 S   0.0   4.7   0:00.05 DOM Wor+
   3249 alya      20   0 4204660 374920  93828 S   0.0   4.7   0:00.06 mozStor+
   3254 alya      20   0 4204660 374920  93828 S   0.0   4.7   0:00.00 mozStor+
   3431 alya      20   0 4204660 374920  93828 S   0.0   4.7   0:00.00 FS Brok+
   3444 alya      20   0 4204660 374920  93828 S   0.0   4.7   0:00.00 SwCompo+
   3445 alya      20   0 4204660 374920  93828 S   0.0   4.7   0:00.00 WRScene+
   3446 alya      20   0 4204660 374920  93828 S   0.0   4.7   0:00.00 WRScene+
   3447 alya      20   0 4204660 374920  93828 S   0.0   4.7   0:00.00 WRRende+
   3489 alya      20   0 4204660 374920  93828 S   0.0   4.7   0:00.00 SwCompo+
   3490 alya      20   0 4204660 374920  93828 S   0.0   4.7   0:00.00 WRScene+
   3491 alya      20   0 4204660 374920  93828 S   0.0   4.7   0:00.00 WRScene+
   3492 alya      20   0 4204660 374920  93828 S   0.0   4.7   0:00.01 WRRende+
   4198 alya      20   0 4204660 374920  93828 S   0.0   4.7   0:00.07 DNS Res+
  11271 alya      20   0 4204660 374920  93828 S   0.0   4.7   0:39.27 threade+
  13131 alya      20   0 4204660 374920  93828 S   0.0   4.7   0:00.00 RemoteL+
  13427 alya      20   0 4204660 374920  93828 S   0.0   4.7   0:00.54 DOMCach+
  13903 alya      20   0 4204660 374920  93828 S   0.0   4.7   0:00.00 FS Brok+
  17807 alya      20   0 4204660 374920  93828 S   0.0   4.7   0:00.00 Backgro+
  18956 alya      20   0 4204660 374920  93828 S   0.0   4.7   0:00.00 StreamT+

top - 08:02:00 up  8:22,  1 user,  load average: 0.93, 1.58, 1.92
Threads:  96 total,   0 running,  96 sleeping,   0 stopped,   0 zombie
%Cpu(s):  8.4 us,  1.3 sy,  0.0 ni, 89.0 id,  0.1 wa,  0.0 hi,  1.2 si,  0.0 st
MiB Mem :   7845.5 total,    516.8 free,   4903.3 used,   2425.4 buff/cache
MiB Swap:   2048.0 total,   1881.5 free,    166.5 used.   1613.5 avail Mem 

    PID USER      PR  NI    VIRT    RES    SHR S  %CPU  %MEM     TIME+ COMMAND
   2916 alya      20   0 4204660 374920  93828 S   1.7   4.7   5:42.68 IPC I/O+
   2965 alya      20   0 4204660 374920  93828 S   1.3   4.7   3:30.38 GLXVsyn+
   2979 alya      20   0 4204660 374920  93828 S   1.3   4.7   6:01.41 Composi+
   3068 alya      20   0 4204660 374920  93828 S   0.7   4.7   3:10.53 WRScene+
   2750 alya      20   0 4204660 374920  93828 S   0.3   4.7  10:22.21 firefox
   2970 alya      20   0 4204660 374920  93828 S   0.3   4.7  17:15.97 Renderer
   2981 alya      20   0 4204660 374920  93828 S   0.3   4.7   3:31.51 IPDL Ba+
   3070 alya      20   0 4204660 374920  93828 S   0.3   4.7   8:05.94 WRRende+
   2914 alya      20   0 4204660 374920  93828 S   0.0   4.7   0:00.00 gmain
   2915 alya      20   0 4204660 374920  93828 S   0.0   4.7   0:00.26 gdbus
   2934 alya      20   0 4204660 374920  93828 S   0.0   4.7   0:04.87 Timer
   2935 alya      20   0 4204660 374920  93828 S   0.0   4.7   0:00.00 Netlink+
   2936 alya      20   0 4204660 374920  93828 S   0.0   4.7   4:17.25 Socket +
   2942 alya      20   0 4204660 374920  93828 S   0.0   4.7   0:00.02 Permiss+
   2946 alya      20   0 4204660 374920  93828 S   0.0   4.7   0:00.45 JS Watc+
   2947 alya      20   0 4204660 374920  93828 S   0.0   4.7   0:00.74 TaskCon+
   2948 alya      20   0 4204660 374920  93828 S   0.0   4.7   0:00.68 TaskCon+
   2949 alya      20   0 4204660 374920  93828 S   0.0   4.7   0:00.64 TaskCon+
   2950 alya      20   0 4204660 374920  93828 S   0.0   4.7   0:00.73 TaskCon+
   2954 alya      20   0 4204660 374920  93828 S   0.0   4.7   1:03.14 Cache2 +
   2955 alya      20   0 4204660 374920  93828 S   0.0   4.7   0:00.00 Cookie
   2960 alya      20   0 4204660 374920  93828 S   0.0   4.7   0:00.00 Worker +
   2961 alya      39  19 4204660 374920  93828 S   0.0   4.7   0:00.00 firefox+
   2962 alya      39  19 4204660 374920  93828 S   0.0   4.7   0:00.00 firefox+
   2963 alya      39  19 4204660 374920  93828 S   0.0   4.7   0:00.00 firefox+
   2964 alya      39  19 4204660 374920  93828 S   0.0   4.7   0:00.00 firefox+
   2966 alya      39  19 4204660 374920  93828 S   0.0   4.7   0:00.00 firefox+
   2967 alya      39  19 4204660 374920  93828 S   0.0   4.7   0:00.00 firefox+
   2968 alya      39  19 4204660 374920  93828 S   0.0   4.7   0:00.00 firefox+
   2969 alya      39  19 4204660 374920  93828 S   0.0   4.7   0:00.00 firefox+
   2971 alya      20   0 4204660 374920  93828 S   0.0   4.7   0:00.15 WRWorke+
   2972 alya      20   0 4204660 374920  93828 S   0.0   4.7   0:00.11 WRWorke+
   2973 alya      20   0 4204660 374920  93828 S   0.0   4.7   0:00.10 WRWorke+
   2974 alya      20   0 4204660 374920  93828 S   0.0   4.7   0:00.10 WRWorke+
   2975 alya      20   0 4204660 374920  93828 S   0.0   4.7   0:00.05 WRWorke+
   2976 alya      20   0 4204660 374920  93828 S   0.0   4.7   0:00.04 WRWorke+
   2977 alya      20   0 4204660 374920  93828 S   0.0   4.7   0:00.03 WRWorke+
   2978 alya      20   0 4204660 374920  93828 S   0.0   4.7   0:00.02 WRWorke+
   2980 alya      20   0 4204660 374920  93828 S   0.0   4.7   0:00.00 ImageIO
   3003 alya      20   0 4204660 374920  93828 S   0.0   4.7   0:00.00 Breakpa+
   3004 alya      20   0 4204660 374920  93828 S   0.0   4.7   0:00.00 firefox
   3005 alya      20   0 4204660 374920  93828 S   0.0   4.7   0:00.06 IPC Lau+
   3012 alya      20   0 4204660 374920  93828 S   0.0   4.7   0:00.09 DOM Wor+
   3013 alya      20   0 4204660 374920  93828 S   0.0   4.7   0:00.17 QuotaMa+
   3015 alya      20   0 4204660 374920  93828 S   0.0   4.7   0:00.00 FS Brok+
   3052 alya      20   0 4204660 374920  93828 S   0.0   4.7   0:03.46 TRR Bac+
   3063 alya      20   0 4204660 374920  93828 S   0.0   4.7   0:00.07 StyleTh+
   3064 alya      20   0 4204660 374920  93828 S   0.0   4.7   0:00.07 StyleTh+
   3065 alya      20   0 4204660 374920  93828 S   0.0   4.7   0:00.05 StyleTh+
   3067 alya      20   0 4204660 374920  93828 S   0.0   4.7   0:00.00 ImageBr+
   3069 alya      20   0 4204660 374920  93828 S   0.0   4.7   0:06.05 WRScene+
   3082 alya      20   0 4204660 374920  93828 S   0.0   4.7   0:00.00 GMPThre+
   3083 alya      20   0 4204660 374920  93828 S   0.0   4.7   0:00.01 FS Brok+
   3084 alya      20   0 4204660 374920  93828 S   0.0   4.7   0:00.00 Process+
   3103 alya     -11   0 4204660 374920  93828 S   0.0   4.7   0:37.47 AudioIP+
   3104 alya      20   0 4204660 374920  93828 S   0.0   4.7   3:48.21 AudioIP+
   3107 alya      20   0 4204660 374920  93828 S   0.0   4.7   0:00.00 FS Brok+
   3128 alya      20   0 4204660 374920  93828 S   0.0   4.7   0:00.00 dconf w+
   3130 alya      20   0 4204660 374920  93828 S   0.0   4.7   1:15.63 URL Cla+
   3132 alya      20   0 4204660 374920  93828 S   0.0   4.7   0:00.00 HTML5 P+
   3133 alya      20   0 4204660 374920  93828 S   0.0   4.7   0:00.00 WRScene+
   3134 alya      20   0 4204660 374920  93828 S   0.0   4.7   0:00.00 WRScene+
   3135 alya      20   0 4204660 374920  93828 S   0.0   4.7   0:00.00 WRRende+
   3141 alya      20   0 4204660 374920  93828 S   0.0   4.7   0:01.06 DOM Wor+
   3142 alya      21   1 4204660 374920  93828 S   0.0   4.7   0:00.94 localSt+
   3143 alya      21   1 4204660 374920  93828 S   0.0   4.7   0:00.00 localSt+
   3148 alya      20   0 4204660 374920  93828 S   0.0   4.7   0:00.00 FS Brok+
   3190 alya      20   0 4204660 374920  93828 S   0.0   4.7   0:00.25 mozStor+
   3200 alya      20   0 4204660 374920  93828 S   0.0   4.7   0:08.00 DOM Wor+
   3201 alya      20   0 4204660 374920  93828 S   0.0   4.7   0:00.64 mozStor+
   3203 alya      20   0 4204660 374920  93828 S   0.0   4.7   0:00.04 glean.d+
   3207 alya      20   0 4204660 374920  93828 S   0.0   4.7   0:00.00 glean.m+
   3210 alya      20   0 4204660 374920  93828 S   0.0   4.7   0:00.00 mozStor+
   3212 alya      20   0 4204660 374920  93828 S   0.0   4.7   0:00.41 mozStor+
   3213 alya      20   0 4204660 374920  93828 S   0.0   4.7   0:00.00 mozStor+
   3219 alya      20   0 4204660 374920  93828 S   0.0   4.7   0:00.00 FS Brok+
   3246 alya      20   0 4204660 374920  93828 S   0.0   4.7   0:00.01 mozStor+
   3247 alya      20   0 4204660 374920  93828 S   0.0   4.7   0:00.05 DOM Wor+
   3249 alya      20   0 4204660 374920  93828 S   0.0   4.7   0:00.06 mozStor+
   3254 alya      20   0 4204660 374920  93828 S   0.0   4.7   0:00.00 mozStor+
   3431 alya      20   0 4204660 374920  93828 S   0.0   4.7   0:00.00 FS Brok+
   3444 alya      20   0 4204660 374920  93828 S   0.0   4.7   0:00.00 SwCompo+
   3445 alya      20   0 4204660 374920  93828 S   0.0   4.7   0:00.00 WRScene+
   3446 alya      20   0 4204660 374920  93828 S   0.0   4.7   0:00.00 WRScene+
   3447 alya      20   0 4204660 374920  93828 S   0.0   4.7   0:00.00 WRRende+
   3489 alya      20   0 4204660 374920  93828 S   0.0   4.7   0:00.00 SwCompo+
   3490 alya      20   0 4204660 374920  93828 S   0.0   4.7   0:00.00 WRScene+
   3491 alya      20   0 4204660 374920  93828 S   0.0   4.7   0:00.00 WRScene+
   3492 alya      20   0 4204660 374920  93828 S   0.0   4.7   0:00.01 WRRende+
   4198 alya      20   0 4204660 374920  93828 S   0.0   4.7   0:00.07 DNS Res+
  11271 alya      20   0 4204660 374920  93828 S   0.0   4.7   0:39.27 threade+
  13131 alya      20   0 4204660 374920  93828 S   0.0   4.7   0:00.00 RemoteL+
  13427 alya      20   0 4204660 374920  93828 S   0.0   4.7   0:00.54 DOMCach+
  13903 alya      20   0 4204660 374920  93828 S   0.0   4.7   0:00.00 FS Brok+
  17807 alya      20   0 4204660 374920  93828 S   0.0   4.7   0:00.00 Backgro+
  18956 alya      20   0 4204660 374920  93828 S   0.0   4.7   0:00.00 StreamT+

top - 08:02:03 up  8:22,  1 user,  load average: 0.93, 1.58, 1.92
Threads:  96 total,   0 running,  96 sleeping,   0 stopped,   0 zombie
%Cpu(s):  8.6 us,  1.8 sy,  0.0 ni, 79.7 id,  8.5 wa,  0.0 hi,  1.4 si,  0.0 st
MiB Mem :   7845.5 total,    517.5 free,   4902.7 used,   2425.3 buff/cache
MiB Swap:   2048.0 total,   1881.5 free,    166.5 used.   1614.3 avail Mem 

    PID USER      PR  NI    VIRT    RES    SHR S  %CPU  %MEM     TIME+ COMMAND
   2979 alya      20   0 4204660 374920  93828 S   2.0   4.7   6:01.47 Composi+
   2916 alya      20   0 4204660 374920  93828 S   1.3   4.7   5:42.72 IPC I/O+
   2965 alya      20   0 4204660 374920  93828 S   1.0   4.7   3:30.41 GLXVsyn+
   3068 alya      20   0 4204660 374920  93828 S   1.0   4.7   3:10.56 WRScene+
   2750 alya      20   0 4204660 374920  93828 S   0.7   4.7  10:22.23 firefox
   2970 alya      20   0 4204660 374920  93828 S   0.7   4.7  17:15.99 Renderer
   2981 alya      20   0 4204660 374920  93828 S   0.7   4.7   3:31.53 IPDL Ba+
   3070 alya      20   0 4204660 374920  93828 S   0.3   4.7   8:05.95 WRRende+
   2914 alya      20   0 4204660 374920  93828 S   0.0   4.7   0:00.00 gmain
   2915 alya      20   0 4204660 374920  93828 S   0.0   4.7   0:00.26 gdbus
   2934 alya      20   0 4204660 374920  93828 S   0.0   4.7   0:04.87 Timer
   2935 alya      20   0 4204660 374920  93828 S   0.0   4.7   0:00.00 Netlink+
   2936 alya      20   0 4204660 374920  93828 S   0.0   4.7   4:17.25 Socket +
   2942 alya      20   0 4204660 374920  93828 S   0.0   4.7   0:00.02 Permiss+
   2946 alya      20   0 4204660 374920  93828 S   0.0   4.7   0:00.45 JS Watc+
   2947 alya      20   0 4204660 374920  93828 S   0.0   4.7   0:00.74 TaskCon+
   2948 alya      20   0 4204660 374920  93828 S   0.0   4.7   0:00.68 TaskCon+
   2949 alya      20   0 4204660 374920  93828 S   0.0   4.7   0:00.64 TaskCon+
   2950 alya      20   0 4204660 374920  93828 S   0.0   4.7   0:00.73 TaskCon+
   2954 alya      20   0 4204660 374920  93828 S   0.0   4.7   1:03.14 Cache2 +
   2955 alya      20   0 4204660 374920  93828 S   0.0   4.7   0:00.00 Cookie
   2960 alya      20   0 4204660 374920  93828 S   0.0   4.7   0:00.00 Worker +
   2961 alya      39  19 4204660 374920  93828 S   0.0   4.7   0:00.00 firefox+
   2962 alya      39  19 4204660 374920  93828 S   0.0   4.7   0:00.00 firefox+
   2963 alya      39  19 4204660 374920  93828 S   0.0   4.7   0:00.00 firefox+
   2964 alya      39  19 4204660 374920  93828 S   0.0   4.7   0:00.00 firefox+
   2966 alya      39  19 4204660 374920  93828 S   0.0   4.7   0:00.00 firefox+
   2967 alya      39  19 4204660 374920  93828 S   0.0   4.7   0:00.00 firefox+
   2968 alya      39  19 4204660 374920  93828 S   0.0   4.7   0:00.00 firefox+
   2969 alya      39  19 4204660 374920  93828 S   0.0   4.7   0:00.00 firefox+
   2971 alya      20   0 4204660 374920  93828 S   0.0   4.7   0:00.15 WRWorke+
   2972 alya      20   0 4204660 374920  93828 S   0.0   4.7   0:00.11 WRWorke+
   2973 alya      20   0 4204660 374920  93828 S   0.0   4.7   0:00.10 WRWorke+
   2974 alya      20   0 4204660 374920  93828 S   0.0   4.7   0:00.10 WRWorke+
   2975 alya      20   0 4204660 374920  93828 S   0.0   4.7   0:00.05 WRWorke+
   2976 alya      20   0 4204660 374920  93828 S   0.0   4.7   0:00.04 WRWorke+
   2977 alya      20   0 4204660 374920  93828 S   0.0   4.7   0:00.03 WRWorke+
   2978 alya      20   0 4204660 374920  93828 S   0.0   4.7   0:00.02 WRWorke+
   2980 alya      20   0 4204660 374920  93828 S   0.0   4.7   0:00.00 ImageIO
   3003 alya      20   0 4204660 374920  93828 S   0.0   4.7   0:00.00 Breakpa+
   3004 alya      20   0 4204660 374920  93828 S   0.0   4.7   0:00.00 firefox
   3005 alya      20   0 4204660 374920  93828 S   0.0   4.7   0:00.06 IPC Lau+
   3012 alya      20   0 4204660 374920  93828 S   0.0   4.7   0:00.09 DOM Wor+
   3013 alya      20   0 4204660 374920  93828 S   0.0   4.7   0:00.17 QuotaMa+
   3015 alya      20   0 4204660 374920  93828 S   0.0   4.7   0:00.00 FS Brok+
   3052 alya      20   0 4204660 374920  93828 S   0.0   4.7   0:03.46 TRR Bac+
   3063 alya      20   0 4204660 374920  93828 S   0.0   4.7   0:00.07 StyleTh+
   3064 alya      20   0 4204660 374920  93828 S   0.0   4.7   0:00.07 StyleTh+
   3065 alya      20   0 4204660 374920  93828 S   0.0   4.7   0:00.05 StyleTh+
   3067 alya      20   0 4204660 374920  93828 S   0.0   4.7   0:00.00 ImageBr+
   3069 alya      20   0 4204660 374920  93828 S   0.0   4.7   0:06.05 WRScene+
   3082 alya      20   0 4204660 374920  93828 S   0.0   4.7   0:00.00 GMPThre+
   3083 alya      20   0 4204660 374920  93828 S   0.0   4.7   0:00.01 FS Brok+
   3084 alya      20   0 4204660 374920  93828 S   0.0   4.7   0:00.00 Process+
   3103 alya     -11   0 4204660 374920  93828 S   0.0   4.7   0:37.47 AudioIP+
   3104 alya      20   0 4204660 374920  93828 S   0.0   4.7   3:48.21 AudioIP+
   3107 alya      20   0 4204660 374920  93828 S   0.0   4.7   0:00.00 FS Brok+
   3128 alya      20   0 4204660 374920  93828 S   0.0   4.7   0:00.00 dconf w+
   3130 alya      20   0 4204660 374920  93828 S   0.0   4.7   1:15.63 URL Cla+
   3132 alya      20   0 4204660 374920  93828 S   0.0   4.7   0:00.00 HTML5 P+
   3133 alya      20   0 4204660 374920  93828 S   0.0   4.7   0:00.00 WRScene+
   3134 alya      20   0 4204660 374920  93828 S   0.0   4.7   0:00.00 WRScene+
   3135 alya      20   0 4204660 374920  93828 S   0.0   4.7   0:00.00 WRRende+
   3141 alya      20   0 4204660 374920  93828 S   0.0   4.7   0:01.06 DOM Wor+
   3142 alya      21   1 4204660 374920  93828 S   0.0   4.7   0:00.94 localSt+
   3143 alya      21   1 4204660 374920  93828 S   0.0   4.7   0:00.00 localSt+
   3148 alya      20   0 4204660 374920  93828 S   0.0   4.7   0:00.00 FS Brok+
   3190 alya      20   0 4204660 374920  93828 S   0.0   4.7   0:00.25 mozStor+
   3200 alya      20   0 4204660 374920  93828 S   0.0   4.7   0:08.00 DOM Wor+
   3201 alya      20   0 4204660 374920  93828 S   0.0   4.7   0:00.64 mozStor+
   3203 alya      20   0 4204660 374920  93828 S   0.0   4.7   0:00.04 glean.d+
   3207 alya      20   0 4204660 374920  93828 S   0.0   4.7   0:00.00 glean.m+
   3210 alya      20   0 4204660 374920  93828 S   0.0   4.7   0:00.00 mozStor+
   3212 alya      20   0 4204660 374920  93828 S   0.0   4.7   0:00.41 mozStor+
   3213 alya      20   0 4204660 374920  93828 S   0.0   4.7   0:00.00 mozStor+
   3219 alya      20   0 4204660 374920  93828 S   0.0   4.7   0:00.00 FS Brok+
   3246 alya      20   0 4204660 374920  93828 S   0.0   4.7   0:00.01 mozStor+
   3247 alya      20   0 4204660 374920  93828 S   0.0   4.7   0:00.05 DOM Wor+
   3249 alya      20   0 4204660 374920  93828 S   0.0   4.7   0:00.06 mozStor+
   3254 alya      20   0 4204660 374920  93828 S   0.0   4.7   0:00.00 mozStor+
   3431 alya      20   0 4204660 374920  93828 S   0.0   4.7   0:00.00 FS Brok+
   3444 alya      20   0 4204660 374920  93828 S   0.0   4.7   0:00.00 SwCompo+
   3445 alya      20   0 4204660 374920  93828 S   0.0   4.7   0:00.00 WRScene+
   3446 alya      20   0 4204660 374920  93828 S   0.0   4.7   0:00.00 WRScene+
   3447 alya      20   0 4204660 374920  93828 S   0.0   4.7   0:00.00 WRRende+
   3489 alya      20   0 4204660 374920  93828 S   0.0   4.7   0:00.00 SwCompo+
   3490 alya      20   0 4204660 374920  93828 S   0.0   4.7   0:00.00 WRScene+
   3491 alya      20   0 4204660 374920  93828 S   0.0   4.7   0:00.00 WRScene+
   3492 alya      20   0 4204660 374920  93828 S   0.0   4.7   0:00.01 WRRende+
   4198 alya      20   0 4204660 374920  93828 S   0.0   4.7   0:00.07 DNS Res+
  11271 alya      20   0 4204660 374920  93828 S   0.0   4.7   0:39.27 threade+
  13131 alya      20   0 4204660 374920  93828 S   0.0   4.7   0:00.00 RemoteL+
  13427 alya      20   0 4204660 374920  93828 S   0.0   4.7   0:00.54 DOMCach+
  13903 alya      20   0 4204660 374920  93828 S   0.0   4.7   0:00.00 FS Brok+
  17807 alya      20   0 4204660 374920  93828 S   0.0   4.7   0:00.00 Backgro+
  18956 alya      20   0 4204660 374920  93828 S   0.0   4.7   0:00.00 StreamT+

top - 08:02:06 up  8:22,  1 user,  load average: 0.86, 1.55, 1.91
Threads:  96 total,   0 running,  96 sleeping,   0 stopped,   0 zombie
%Cpu(s):  8.1 us,  2.1 sy,  0.0 ni, 88.5 id,  0.1 wa,  0.0 hi,  1.2 si,  0.0 st
MiB Mem :   7845.5 total,    518.0 free,   4902.2 used,   2425.3 buff/cache
MiB Swap:   2048.0 total,   1881.5 free,    166.5 used.   1614.8 avail Mem 

    PID USER      PR  NI    VIRT    RES    SHR S  %CPU  %MEM     TIME+ COMMAND
   2916 alya      20   0 4204660 374920  93828 S   1.7   4.7   5:42.77 IPC I/O+
   2979 alya      20   0 4204660 374920  93828 S   1.3   4.7   6:01.51 Composi+
   2965 alya      20   0 4204660 374920  93828 S   1.0   4.7   3:30.44 GLXVsyn+
   2981 alya      20   0 4204660 374920  93828 S   1.0   4.7   3:31.56 IPDL Ba+
   3068 alya      20   0 4204660 374920  93828 S   1.0   4.7   3:10.59 WRScene+
   2970 alya      20   0 4204660 374920  93828 S   0.7   4.7  17:16.01 Renderer
   3070 alya      20   0 4204660 374920  93828 S   0.7   4.7   8:05.97 WRRende+
   3069 alya      20   0 4204660 374920  93828 S   0.3   4.7   0:06.06 WRScene+
   2750 alya      20   0 4204660 374920  93828 S   0.0   4.7  10:22.23 firefox
   2914 alya      20   0 4204660 374920  93828 S   0.0   4.7   0:00.00 gmain
   2915 alya      20   0 4204660 374920  93828 S   0.0   4.7   0:00.26 gdbus
   2934 alya      20   0 4204660 374920  93828 S   0.0   4.7   0:04.87 Timer
   2935 alya      20   0 4204660 374920  93828 S   0.0   4.7   0:00.00 Netlink+
   2936 alya      20   0 4204660 374920  93828 S   0.0   4.7   4:17.25 Socket +
   2942 alya      20   0 4204660 374920  93828 S   0.0   4.7   0:00.02 Permiss+
   2946 alya      20   0 4204660 374920  93828 S   0.0   4.7   0:00.45 JS Watc+
   2947 alya      20   0 4204660 374920  93828 S   0.0   4.7   0:00.74 TaskCon+
   2948 alya      20   0 4204660 374920  93828 S   0.0   4.7   0:00.68 TaskCon+
   2949 alya      20   0 4204660 374920  93828 S   0.0   4.7   0:00.64 TaskCon+
   2950 alya      20   0 4204660 374920  93828 S   0.0   4.7   0:00.73 TaskCon+
   2954 alya      20   0 4204660 374920  93828 S   0.0   4.7   1:03.14 Cache2 +
   2955 alya      20   0 4204660 374920  93828 S   0.0   4.7   0:00.00 Cookie
   2960 alya      20   0 4204660 374920  93828 S   0.0   4.7   0:00.00 Worker +
   2961 alya      39  19 4204660 374920  93828 S   0.0   4.7   0:00.00 firefox+
   2962 alya      39  19 4204660 374920  93828 S   0.0   4.7   0:00.00 firefox+
   2963 alya      39  19 4204660 374920  93828 S   0.0   4.7   0:00.00 firefox+
   2964 alya      39  19 4204660 374920  93828 S   0.0   4.7   0:00.00 firefox+
   2966 alya      39  19 4204660 374920  93828 S   0.0   4.7   0:00.00 firefox+
   2967 alya      39  19 4204660 374920  93828 S   0.0   4.7   0:00.00 firefox+
   2968 alya      39  19 4204660 374920  93828 S   0.0   4.7   0:00.00 firefox+
   2969 alya      39  19 4204660 374920  93828 S   0.0   4.7   0:00.00 firefox+
   2971 alya      20   0 4204660 374920  93828 S   0.0   4.7   0:00.15 WRWorke+
   2972 alya      20   0 4204660 374920  93828 S   0.0   4.7   0:00.11 WRWorke+
   2973 alya      20   0 4204660 374920  93828 S   0.0   4.7   0:00.10 WRWorke+
   2974 alya      20   0 4204660 374920  93828 S   0.0   4.7   0:00.10 WRWorke+
   2975 alya      20   0 4204660 374920  93828 S   0.0   4.7   0:00.05 WRWorke+
   2976 alya      20   0 4204660 374920  93828 S   0.0   4.7   0:00.04 WRWorke+
   2977 alya      20   0 4204660 374920  93828 S   0.0   4.7   0:00.03 WRWorke+
   2978 alya      20   0 4204660 374920  93828 S   0.0   4.7   0:00.02 WRWorke+
   2980 alya      20   0 4204660 374920  93828 S   0.0   4.7   0:00.00 ImageIO
   3003 alya      20   0 4204660 374920  93828 S   0.0   4.7   0:00.00 Breakpa+
   3004 alya      20   0 4204660 374920  93828 S   0.0   4.7   0:00.00 firefox
   3005 alya      20   0 4204660 374920  93828 S   0.0   4.7   0:00.06 IPC Lau+
   3012 alya      20   0 4204660 374920  93828 S   0.0   4.7   0:00.09 DOM Wor+
   3013 alya      20   0 4204660 374920  93828 S   0.0   4.7   0:00.17 QuotaMa+
   3015 alya      20   0 4204660 374920  93828 S   0.0   4.7   0:00.00 FS Brok+
   3052 alya      20   0 4204660 374920  93828 S   0.0   4.7   0:03.46 TRR Bac+
   3063 alya      20   0 4204660 374920  93828 S   0.0   4.7   0:00.07 StyleTh+
   3064 alya      20   0 4204660 374920  93828 S   0.0   4.7   0:00.07 StyleTh+
   3065 alya      20   0 4204660 374920  93828 S   0.0   4.7   0:00.05 StyleTh+
   3067 alya      20   0 4204660 374920  93828 S   0.0   4.7   0:00.00 ImageBr+
   3082 alya      20   0 4204660 374920  93828 S   0.0   4.7   0:00.00 GMPThre+
   3083 alya      20   0 4204660 374920  93828 S   0.0   4.7   0:00.01 FS Brok+
   3084 alya      20   0 4204660 374920  93828 S   0.0   4.7   0:00.00 Process+
   3103 alya     -11   0 4204660 374920  93828 S   0.0   4.7   0:37.47 AudioIP+
   3104 alya      20   0 4204660 374920  93828 S   0.0   4.7   3:48.21 AudioIP+
   3107 alya      20   0 4204660 374920  93828 S   0.0   4.7   0:00.00 FS Brok+
   3128 alya      20   0 4204660 374920  93828 S   0.0   4.7   0:00.00 dconf w+
   3130 alya      20   0 4204660 374920  93828 S   0.0   4.7   1:15.63 URL Cla+
   3132 alya      20   0 4204660 374920  93828 S   0.0   4.7   0:00.00 HTML5 P+
   3133 alya      20   0 4204660 374920  93828 S   0.0   4.7   0:00.00 WRScene+
   3134 alya      20   0 4204660 374920  93828 S   0.0   4.7   0:00.00 WRScene+
   3135 alya      20   0 4204660 374920  93828 S   0.0   4.7   0:00.00 WRRende+
   3141 alya      20   0 4204660 374920  93828 S   0.0   4.7   0:01.06 DOM Wor+
   3142 alya      21   1 4204660 374920  93828 S   0.0   4.7   0:00.94 localSt+
   3143 alya      21   1 4204660 374920  93828 S   0.0   4.7   0:00.00 localSt+
   3148 alya      20   0 4204660 374920  93828 S   0.0   4.7   0:00.00 FS Brok+
   3190 alya      20   0 4204660 374920  93828 S   0.0   4.7   0:00.25 mozStor+
   3200 alya      20   0 4204660 374920  93828 S   0.0   4.7   0:08.00 DOM Wor+
   3201 alya      20   0 4204660 374920  93828 S   0.0   4.7   0:00.64 mozStor+
   3203 alya      20   0 4204660 374920  93828 S   0.0   4.7   0:00.04 glean.d+
   3207 alya      20   0 4204660 374920  93828 S   0.0   4.7   0:00.00 glean.m+
   3210 alya      20   0 4204660 374920  93828 S   0.0   4.7   0:00.00 mozStor+
   3212 alya      20   0 4204660 374920  93828 S   0.0   4.7   0:00.41 mozStor+
   3213 alya      20   0 4204660 374920  93828 S   0.0   4.7   0:00.00 mozStor+
   3219 alya      20   0 4204660 374920  93828 S   0.0   4.7   0:00.00 FS Brok+
   3246 alya      20   0 4204660 374920  93828 S   0.0   4.7   0:00.01 mozStor+
   3247 alya      20   0 4204660 374920  93828 S   0.0   4.7   0:00.05 DOM Wor+
   3249 alya      20   0 4204660 374920  93828 S   0.0   4.7   0:00.06 mozStor+
   3254 alya      20   0 4204660 374920  93828 S   0.0   4.7   0:00.00 mozStor+
   3431 alya      20   0 4204660 374920  93828 S   0.0   4.7   0:00.00 FS Brok+
   3444 alya      20   0 4204660 374920  93828 S   0.0   4.7   0:00.00 SwCompo+
   3445 alya      20   0 4204660 374920  93828 S   0.0   4.7   0:00.00 WRScene+
   3446 alya      20   0 4204660 374920  93828 S   0.0   4.7   0:00.00 WRScene+
   3447 alya      20   0 4204660 374920  93828 S   0.0   4.7   0:00.00 WRRende+
   3489 alya      20   0 4204660 374920  93828 S   0.0   4.7   0:00.00 SwCompo+
   3490 alya      20   0 4204660 374920  93828 S   0.0   4.7   0:00.00 WRScene+
   3491 alya      20   0 4204660 374920  93828 S   0.0   4.7   0:00.00 WRScene+
   3492 alya      20   0 4204660 374920  93828 S   0.0   4.7   0:00.01 WRRende+
   4198 alya      20   0 4204660 374920  93828 S   0.0   4.7   0:00.07 DNS Res+
  11271 alya      20   0 4204660 374920  93828 S   0.0   4.7   0:39.27 threade+
  13131 alya      20   0 4204660 374920  93828 S   0.0   4.7   0:00.00 RemoteL+
  13427 alya      20   0 4204660 374920  93828 S   0.0   4.7   0:00.54 DOMCach+
  13903 alya      20   0 4204660 374920  93828 S   0.0   4.7   0:00.00 FS Brok+
  17807 alya      20   0 4204660 374920  93828 S   0.0   4.7   0:00.00 Backgro+
  18956 alya      20   0 4204660 374920  93828 S   0.0   4.7   0:00.00 StreamT+

top - 08:02:09 up  8:22,  1 user,  load average: 0.79, 1.52, 1.90
Threads:  95 total,   0 running,  95 sleeping,   0 stopped,   0 zombie
%Cpu(s):  7.5 us,  1.7 sy,  0.0 ni, 89.7 id,  0.2 wa,  0.0 hi,  0.9 si,  0.0 st
MiB Mem :   7845.5 total,    519.0 free,   4901.2 used,   2425.2 buff/cache
MiB Swap:   2048.0 total,   1881.5 free,    166.5 used.   1615.8 avail Mem 

    PID USER      PR  NI    VIRT    RES    SHR S  %CPU  %MEM     TIME+ COMMAND
   2916 alya      20   0 4204660 374920  93828 S   1.7   4.7   5:42.82 IPC I/O+
   2979 alya      20   0 4204660 374920  93828 S   1.7   4.7   6:01.56 Composi+
   2965 alya      20   0 4204660 374920  93828 S   1.3   4.7   3:30.48 GLXVsyn+
   3068 alya      20   0 4204660 374920  93828 S   1.0   4.7   3:10.62 WRScene+
   2750 alya      20   0 4204660 374920  93828 S   0.7   4.7  10:22.25 firefox
   2981 alya      20   0 4204660 374920  93828 S   0.7   4.7   3:31.58 IPDL Ba+
   2970 alya      20   0 4204660 374920  93828 S   0.3   4.7  17:16.02 Renderer
   2914 alya      20   0 4204660 374920  93828 S   0.0   4.7   0:00.00 gmain
   2915 alya      20   0 4204660 374920  93828 S   0.0   4.7   0:00.26 gdbus
   2934 alya      20   0 4204660 374920  93828 S   0.0   4.7   0:04.87 Timer
   2935 alya      20   0 4204660 374920  93828 S   0.0   4.7   0:00.00 Netlink+
   2936 alya      20   0 4204660 374920  93828 S   0.0   4.7   4:17.25 Socket +
   2942 alya      20   0 4204660 374920  93828 S   0.0   4.7   0:00.02 Permiss+
   2946 alya      20   0 4204660 374920  93828 S   0.0   4.7   0:00.45 JS Watc+
   2947 alya      20   0 4204660 374920  93828 S   0.0   4.7   0:00.74 TaskCon+
   2948 alya      20   0 4204660 374920  93828 S   0.0   4.7   0:00.68 TaskCon+
   2949 alya      20   0 4204660 374920  93828 S   0.0   4.7   0:00.64 TaskCon+
   2950 alya      20   0 4204660 374920  93828 S   0.0   4.7   0:00.73 TaskCon+
   2954 alya      20   0 4204660 374920  93828 S   0.0   4.7   1:03.14 Cache2 +
   2955 alya      20   0 4204660 374920  93828 S   0.0   4.7   0:00.00 Cookie
   2960 alya      20   0 4204660 374920  93828 S   0.0   4.7   0:00.00 Worker +
   2961 alya      39  19 4204660 374920  93828 S   0.0   4.7   0:00.00 firefox+
   2962 alya      39  19 4204660 374920  93828 S   0.0   4.7   0:00.00 firefox+
   2963 alya      39  19 4204660 374920  93828 S   0.0   4.7   0:00.00 firefox+
   2964 alya      39  19 4204660 374920  93828 S   0.0   4.7   0:00.00 firefox+
   2966 alya      39  19 4204660 374920  93828 S   0.0   4.7   0:00.00 firefox+
   2967 alya      39  19 4204660 374920  93828 S   0.0   4.7   0:00.00 firefox+
   2968 alya      39  19 4204660 374920  93828 S   0.0   4.7   0:00.00 firefox+
   2969 alya      39  19 4204660 374920  93828 S   0.0   4.7   0:00.00 firefox+
   2971 alya      20   0 4204660 374920  93828 S   0.0   4.7   0:00.15 WRWorke+
   2972 alya      20   0 4204660 374920  93828 S   0.0   4.7   0:00.11 WRWorke+
   2973 alya      20   0 4204660 374920  93828 S   0.0   4.7   0:00.10 WRWorke+
   2974 alya      20   0 4204660 374920  93828 S   0.0   4.7   0:00.10 WRWorke+
   2975 alya      20   0 4204660 374920  93828 S   0.0   4.7   0:00.05 WRWorke+
   2976 alya      20   0 4204660 374920  93828 S   0.0   4.7   0:00.04 WRWorke+
   2977 alya      20   0 4204660 374920  93828 S   0.0   4.7   0:00.03 WRWorke+
   2978 alya      20   0 4204660 374920  93828 S   0.0   4.7   0:00.02 WRWorke+
   2980 alya      20   0 4204660 374920  93828 S   0.0   4.7   0:00.00 ImageIO
   3003 alya      20   0 4204660 374920  93828 S   0.0   4.7   0:00.00 Breakpa+
   3004 alya      20   0 4204660 374920  93828 S   0.0   4.7   0:00.00 firefox
   3005 alya      20   0 4204660 374920  93828 S   0.0   4.7   0:00.06 IPC Lau+
   3012 alya      20   0 4204660 374920  93828 S   0.0   4.7   0:00.09 DOM Wor+
   3013 alya      20   0 4204660 374920  93828 S   0.0   4.7   0:00.17 QuotaMa+
   3015 alya      20   0 4204660 374920  93828 S   0.0   4.7   0:00.00 FS Brok+
   3052 alya      20   0 4204660 374920  93828 S   0.0   4.7   0:03.46 TRR Bac+
   3063 alya      20   0 4204660 374920  93828 S   0.0   4.7   0:00.07 StyleTh+
   3064 alya      20   0 4204660 374920  93828 S   0.0   4.7   0:00.07 StyleTh+
   3065 alya      20   0 4204660 374920  93828 S   0.0   4.7   0:00.05 StyleTh+
   3067 alya      20   0 4204660 374920  93828 S   0.0   4.7   0:00.00 ImageBr+
   3069 alya      20   0 4204660 374920  93828 S   0.0   4.7   0:06.06 WRScene+
   3070 alya      20   0 4204660 374920  93828 S   0.0   4.7   8:05.97 WRRende+
   3082 alya      20   0 4204660 374920  93828 S   0.0   4.7   0:00.00 GMPThre+
   3083 alya      20   0 4204660 374920  93828 S   0.0   4.7   0:00.01 FS Brok+
   3084 alya      20   0 4204660 374920  93828 S   0.0   4.7   0:00.00 Process+
   3103 alya     -11   0 4204660 374920  93828 S   0.0   4.7   0:37.47 AudioIP+
   3104 alya      20   0 4204660 374920  93828 S   0.0   4.7   3:48.21 AudioIP+
   3107 alya      20   0 4204660 374920  93828 S   0.0   4.7   0:00.00 FS Brok+
   3128 alya      20   0 4204660 374920  93828 S   0.0   4.7   0:00.00 dconf w+
   3130 alya      20   0 4204660 374920  93828 S   0.0   4.7   1:15.63 URL Cla+
   3132 alya      20   0 4204660 374920  93828 S   0.0   4.7   0:00.00 HTML5 P+
   3133 alya      20   0 4204660 374920  93828 S   0.0   4.7   0:00.00 WRScene+
   3134 alya      20   0 4204660 374920  93828 S   0.0   4.7   0:00.00 WRScene+
   3135 alya      20   0 4204660 374920  93828 S   0.0   4.7   0:00.00 WRRende+
   3141 alya      20   0 4204660 374920  93828 S   0.0   4.7   0:01.06 DOM Wor+
   3142 alya      21   1 4204660 374920  93828 S   0.0   4.7   0:00.94 localSt+
   3143 alya      21   1 4204660 374920  93828 S   0.0   4.7   0:00.00 localSt+
   3148 alya      20   0 4204660 374920  93828 S   0.0   4.7   0:00.00 FS Brok+
   3190 alya      20   0 4204660 374920  93828 S   0.0   4.7   0:00.25 mozStor+
   3200 alya      20   0 4204660 374920  93828 S   0.0   4.7   0:08.00 DOM Wor+
   3201 alya      20   0 4204660 374920  93828 S   0.0   4.7   0:00.64 mozStor+
   3203 alya      20   0 4204660 374920  93828 S   0.0   4.7   0:00.04 glean.d+
   3207 alya      20   0 4204660 374920  93828 S   0.0   4.7   0:00.00 glean.m+
   3210 alya      20   0 4204660 374920  93828 S   0.0   4.7   0:00.00 mozStor+
   3212 alya      20   0 4204660 374920  93828 S   0.0   4.7   0:00.41 mozStor+
   3213 alya      20   0 4204660 374920  93828 S   0.0   4.7   0:00.00 mozStor+
   3219 alya      20   0 4204660 374920  93828 S   0.0   4.7   0:00.00 FS Brok+
   3246 alya      20   0 4204660 374920  93828 S   0.0   4.7   0:00.01 mozStor+
   3247 alya      20   0 4204660 374920  93828 S   0.0   4.7   0:00.05 DOM Wor+
   3249 alya      20   0 4204660 374920  93828 S   0.0   4.7   0:00.06 mozStor+
   3254 alya      20   0 4204660 374920  93828 S   0.0   4.7   0:00.00 mozStor+
   3431 alya      20   0 4204660 374920  93828 S   0.0   4.7   0:00.00 FS Brok+
   3444 alya      20   0 4204660 374920  93828 S   0.0   4.7   0:00.00 SwCompo+
   3445 alya      20   0 4204660 374920  93828 S   0.0   4.7   0:00.00 WRScene+
   3446 alya      20   0 4204660 374920  93828 S   0.0   4.7   0:00.00 WRScene+
   3447 alya      20   0 4204660 374920  93828 S   0.0   4.7   0:00.00 WRRende+
   3489 alya      20   0 4204660 374920  93828 S   0.0   4.7   0:00.00 SwCompo+
   3490 alya      20   0 4204660 374920  93828 S   0.0   4.7   0:00.00 WRScene+
   3491 alya      20   0 4204660 374920  93828 S   0.0   4.7   0:00.00 WRScene+
   3492 alya      20   0 4204660 374920  93828 S   0.0   4.7   0:00.01 WRRende+
   4198 alya      20   0 4204660 374920  93828 S   0.0   4.7   0:00.07 DNS Res+
  11271 alya      20   0 4204660 374920  93828 S   0.0   4.7   0:39.27 threade+
  13131 alya      20   0 4204660 374920  93828 S   0.0   4.7   0:00.00 RemoteL+
  13427 alya      20   0 4204660 374920  93828 S   0.0   4.7   0:00.54 DOMCach+
  13903 alya      20   0 4204660 374920  93828 S   0.0   4.7   0:00.00 FS Brok+
  17807 alya      20   0 4204660 374920  93828 S   0.0   4.7   0:00.00 Backgro+

top - 08:02:12 up  8:22,  1 user,  load average: 0.79, 1.52, 1.90
Threads:  95 total,   0 running,  95 sleeping,   0 stopped,   0 zombie
%Cpu(s):  9.1 us,  1.9 sy,  0.0 ni, 87.9 id,  0.1 wa,  0.0 hi,  1.0 si,  0.0 st
MiB Mem :   7845.5 total,    516.7 free,   4903.6 used,   2425.2 buff/cache
MiB Swap:   2048.0 total,   1881.5 free,    166.5 used.   1613.5 avail Mem 

    PID USER      PR  NI    VIRT    RES    SHR S  %CPU  %MEM     TIME+ COMMAND
   2916 alya      20   0 4204660 374920  93828 S   1.3   4.7   5:42.86 IPC I/O+
   2979 alya      20   0 4204660 374920  93828 S   1.3   4.7   6:01.60 Composi+
   2970 alya      20   0 4204660 374920  93828 S   1.0   4.7  17:16.05 Renderer
   3068 alya      20   0 4204660 374920  93828 S   1.0   4.7   3:10.65 WRScene+
   3070 alya      20   0 4204660 374920  93828 S   1.0   4.7   8:06.00 WRRende+
   2750 alya      20   0 4204660 374920  93828 S   0.7   4.7  10:22.27 firefox
   2965 alya      20   0 4204660 374920  93828 S   0.7   4.7   3:30.50 GLXVsyn+
   2981 alya      20   0 4204660 374920  93828 S   0.7   4.7   3:31.60 IPDL Ba+
   2914 alya      20   0 4204660 374920  93828 S   0.0   4.7   0:00.00 gmain
   2915 alya      20   0 4204660 374920  93828 S   0.0   4.7   0:00.26 gdbus
   2934 alya      20   0 4204660 374920  93828 S   0.0   4.7   0:04.87 Timer
   2935 alya      20   0 4204660 374920  93828 S   0.0   4.7   0:00.00 Netlink+
   2936 alya      20   0 4204660 374920  93828 S   0.0   4.7   4:17.25 Socket +
   2942 alya      20   0 4204660 374920  93828 S   0.0   4.7   0:00.02 Permiss+
   2946 alya      20   0 4204660 374920  93828 S   0.0   4.7   0:00.45 JS Watc+
   2947 alya      20   0 4204660 374920  93828 S   0.0   4.7   0:00.74 TaskCon+
   2948 alya      20   0 4204660 374920  93828 S   0.0   4.7   0:00.68 TaskCon+
   2949 alya      20   0 4204660 374920  93828 S   0.0   4.7   0:00.64 TaskCon+
   2950 alya      20   0 4204660 374920  93828 S   0.0   4.7   0:00.73 TaskCon+
   2954 alya      20   0 4204660 374920  93828 S   0.0   4.7   1:03.14 Cache2 +
   2955 alya      20   0 4204660 374920  93828 S   0.0   4.7   0:00.00 Cookie
   2960 alya      20   0 4204660 374920  93828 S   0.0   4.7   0:00.00 Worker +
   2961 alya      39  19 4204660 374920  93828 S   0.0   4.7   0:00.00 firefox+
   2962 alya      39  19 4204660 374920  93828 S   0.0   4.7   0:00.00 firefox+
   2963 alya      39  19 4204660 374920  93828 S   0.0   4.7   0:00.00 firefox+
   2964 alya      39  19 4204660 374920  93828 S   0.0   4.7   0:00.00 firefox+
   2966 alya      39  19 4204660 374920  93828 S   0.0   4.7   0:00.00 firefox+
   2967 alya      39  19 4204660 374920  93828 S   0.0   4.7   0:00.00 firefox+
   2968 alya      39  19 4204660 374920  93828 S   0.0   4.7   0:00.00 firefox+
   2969 alya      39  19 4204660 374920  93828 S   0.0   4.7   0:00.00 firefox+
   2971 alya      20   0 4204660 374920  93828 S   0.0   4.7   0:00.15 WRWorke+
   2972 alya      20   0 4204660 374920  93828 S   0.0   4.7   0:00.11 WRWorke+
   2973 alya      20   0 4204660 374920  93828 S   0.0   4.7   0:00.10 WRWorke+
   2974 alya      20   0 4204660 374920  93828 S   0.0   4.7   0:00.10 WRWorke+
   2975 alya      20   0 4204660 374920  93828 S   0.0   4.7   0:00.05 WRWorke+
   2976 alya      20   0 4204660 374920  93828 S   0.0   4.7   0:00.04 WRWorke+
   2977 alya      20   0 4204660 374920  93828 S   0.0   4.7   0:00.03 WRWorke+
   2978 alya      20   0 4204660 374920  93828 S   0.0   4.7   0:00.02 WRWorke+
   2980 alya      20   0 4204660 374920  93828 S   0.0   4.7   0:00.00 ImageIO
   3003 alya      20   0 4204660 374920  93828 S   0.0   4.7   0:00.00 Breakpa+
   3004 alya      20   0 4204660 374920  93828 S   0.0   4.7   0:00.00 firefox
   3005 alya      20   0 4204660 374920  93828 S   0.0   4.7   0:00.06 IPC Lau+
   3012 alya      20   0 4204660 374920  93828 S   0.0   4.7   0:00.09 DOM Wor+
   3013 alya      20   0 4204660 374920  93828 S   0.0   4.7   0:00.17 QuotaMa+
   3015 alya      20   0 4204660 374920  93828 S   0.0   4.7   0:00.00 FS Brok+
   3052 alya      20   0 4204660 374920  93828 S   0.0   4.7   0:03.46 TRR Bac+
   3063 alya      20   0 4204660 374920  93828 S   0.0   4.7   0:00.07 StyleTh+
   3064 alya      20   0 4204660 374920  93828 S   0.0   4.7   0:00.07 StyleTh+
   3065 alya      20   0 4204660 374920  93828 S   0.0   4.7   0:00.05 StyleTh+
   3067 alya      20   0 4204660 374920  93828 S   0.0   4.7   0:00.00 ImageBr+
   3069 alya      20   0 4204660 374920  93828 S   0.0   4.7   0:06.06 WRScene+
   3082 alya      20   0 4204660 374920  93828 S   0.0   4.7   0:00.00 GMPThre+
   3083 alya      20   0 4204660 374920  93828 S   0.0   4.7   0:00.01 FS Brok+
   3084 alya      20   0 4204660 374920  93828 S   0.0   4.7   0:00.00 Process+
   3103 alya     -11   0 4204660 374920  93828 S   0.0   4.7   0:37.47 AudioIP+
   3104 alya      20   0 4204660 374920  93828 S   0.0   4.7   3:48.21 AudioIP+
   3107 alya      20   0 4204660 374920  93828 S   0.0   4.7   0:00.00 FS Brok+
   3128 alya      20   0 4204660 374920  93828 S   0.0   4.7   0:00.00 dconf w+
   3130 alya      20   0 4204660 374920  93828 S   0.0   4.7   1:15.63 URL Cla+
   3132 alya      20   0 4204660 374920  93828 S   0.0   4.7   0:00.00 HTML5 P+
   3133 alya      20   0 4204660 374920  93828 S   0.0   4.7   0:00.00 WRScene+
   3134 alya      20   0 4204660 374920  93828 S   0.0   4.7   0:00.00 WRScene+
   3135 alya      20   0 4204660 374920  93828 S   0.0   4.7   0:00.00 WRRende+
   3141 alya      20   0 4204660 374920  93828 S   0.0   4.7   0:01.06 DOM Wor+
   3142 alya      21   1 4204660 374920  93828 S   0.0   4.7   0:00.94 localSt+
   3143 alya      21   1 4204660 374920  93828 S   0.0   4.7   0:00.00 localSt+
   3148 alya      20   0 4204660 374920  93828 S   0.0   4.7   0:00.00 FS Brok+
   3190 alya      20   0 4204660 374920  93828 S   0.0   4.7   0:00.25 mozStor+
   3200 alya      20   0 4204660 374920  93828 S   0.0   4.7   0:08.00 DOM Wor+
   3201 alya      20   0 4204660 374920  93828 S   0.0   4.7   0:00.64 mozStor+
   3203 alya      20   0 4204660 374920  93828 S   0.0   4.7   0:00.04 glean.d+
   3207 alya      20   0 4204660 374920  93828 S   0.0   4.7   0:00.00 glean.m+
   3210 alya      20   0 4204660 374920  93828 S   0.0   4.7   0:00.00 mozStor+
   3212 alya      20   0 4204660 374920  93828 S   0.0   4.7   0:00.41 mozStor+
   3213 alya      20   0 4204660 374920  93828 S   0.0   4.7   0:00.00 mozStor+
   3219 alya      20   0 4204660 374920  93828 S   0.0   4.7   0:00.00 FS Brok+
   3246 alya      20   0 4204660 374920  93828 S   0.0   4.7   0:00.01 mozStor+
   3247 alya      20   0 4204660 374920  93828 S   0.0   4.7   0:00.05 DOM Wor+
   3249 alya      20   0 4204660 374920  93828 S   0.0   4.7   0:00.06 mozStor+
   3254 alya      20   0 4204660 374920  93828 S   0.0   4.7   0:00.00 mozStor+
   3431 alya      20   0 4204660 374920  93828 S   0.0   4.7   0:00.00 FS Brok+
   3444 alya      20   0 4204660 374920  93828 S   0.0   4.7   0:00.00 SwCompo+
   3445 alya      20   0 4204660 374920  93828 S   0.0   4.7   0:00.00 WRScene+
   3446 alya      20   0 4204660 374920  93828 S   0.0   4.7   0:00.00 WRScene+
   3447 alya      20   0 4204660 374920  93828 S   0.0   4.7   0:00.00 WRRende+
   3489 alya      20   0 4204660 374920  93828 S   0.0   4.7   0:00.00 SwCompo+
   3490 alya      20   0 4204660 374920  93828 S   0.0   4.7   0:00.00 WRScene+
   3491 alya      20   0 4204660 374920  93828 S   0.0   4.7   0:00.00 WRScene+
   3492 alya      20   0 4204660 374920  93828 S   0.0   4.7   0:00.01 WRRende+
   4198 alya      20   0 4204660 374920  93828 S   0.0   4.7   0:00.07 DNS Res+
  11271 alya      20   0 4204660 374920  93828 S   0.0   4.7   0:39.27 threade+
  13131 alya      20   0 4204660 374920  93828 S   0.0   4.7   0:00.00 RemoteL+
  13427 alya      20   0 4204660 374920  93828 S   0.0   4.7   0:00.54 DOMCach+
  13903 alya      20   0 4204660 374920  93828 S   0.0   4.7   0:00.00 FS Brok+
  17807 alya      20   0 4204660 374920  93828 S   0.0   4.7   0:00.00 Backgro+

top - 08:02:15 up  8:22,  1 user,  load average: 0.73, 1.50, 1.89
Threads:  95 total,   0 running,  95 sleeping,   0 stopped,   0 zombie
%Cpu(s):  7.0 us,  1.5 sy,  0.0 ni, 89.9 id,  0.2 wa,  0.0 hi,  1.3 si,  0.0 st
MiB Mem :   7845.5 total,    517.1 free,   4903.2 used,   2425.2 buff/cache
MiB Swap:   2048.0 total,   1881.5 free,    166.5 used.   1613.9 avail Mem 

    PID USER      PR  NI    VIRT    RES    SHR S  %CPU  %MEM     TIME+ COMMAND
   2979 alya      20   0 4204660 374920  93828 S   1.7   4.7   6:01.65 Composi+
   2965 alya      20   0 4204660 374920  93828 S   1.3   4.7   3:30.54 GLXVsyn+
   2916 alya      20   0 4204660 374920  93828 S   1.0   4.7   5:42.89 IPC I/O+
   3068 alya      20   0 4204660 374920  93828 S   1.0   4.7   3:10.68 WRScene+
   2981 alya      20   0 4204660 374920  93828 S   0.7   4.7   3:31.62 IPDL Ba+
   2970 alya      20   0 4204660 374920  93828 S   0.3   4.7  17:16.06 Renderer
   3070 alya      20   0 4204660 374920  93828 S   0.3   4.7   8:06.01 WRRende+
   2750 alya      20   0 4204660 374920  93828 S   0.0   4.7  10:22.27 firefox
   2914 alya      20   0 4204660 374920  93828 S   0.0   4.7   0:00.00 gmain
   2915 alya      20   0 4204660 374920  93828 S   0.0   4.7   0:00.26 gdbus
   2934 alya      20   0 4204660 374920  93828 S   0.0   4.7   0:04.87 Timer
   2935 alya      20   0 4204660 374920  93828 S   0.0   4.7   0:00.00 Netlink+
   2936 alya      20   0 4204660 374920  93828 S   0.0   4.7   4:17.25 Socket +
   2942 alya      20   0 4204660 374920  93828 S   0.0   4.7   0:00.02 Permiss+
   2946 alya      20   0 4204660 374920  93828 S   0.0   4.7   0:00.45 JS Watc+
   2947 alya      20   0 4204660 374920  93828 S   0.0   4.7   0:00.74 TaskCon+
   2948 alya      20   0 4204660 374920  93828 S   0.0   4.7   0:00.68 TaskCon+
   2949 alya      20   0 4204660 374920  93828 S   0.0   4.7   0:00.64 TaskCon+
   2950 alya      20   0 4204660 374920  93828 S   0.0   4.7   0:00.73 TaskCon+
   2954 alya      20   0 4204660 374920  93828 S   0.0   4.7   1:03.14 Cache2 +
   2955 alya      20   0 4204660 374920  93828 S   0.0   4.7   0:00.00 Cookie
   2960 alya      20   0 4204660 374920  93828 S   0.0   4.7   0:00.00 Worker +
   2961 alya      39  19 4204660 374920  93828 S   0.0   4.7   0:00.00 firefox+
   2962 alya      39  19 4204660 374920  93828 S   0.0   4.7   0:00.00 firefox+
   2963 alya      39  19 4204660 374920  93828 S   0.0   4.7   0:00.00 firefox+
   2964 alya      39  19 4204660 374920  93828 S   0.0   4.7   0:00.00 firefox+
   2966 alya      39  19 4204660 374920  93828 S   0.0   4.7   0:00.00 firefox+
   2967 alya      39  19 4204660 374920  93828 S   0.0   4.7   0:00.00 firefox+
   2968 alya      39  19 4204660 374920  93828 S   0.0   4.7   0:00.00 firefox+
   2969 alya      39  19 4204660 374920  93828 S   0.0   4.7   0:00.00 firefox+
   2971 alya      20   0 4204660 374920  93828 S   0.0   4.7   0:00.15 WRWorke+
   2972 alya      20   0 4204660 374920  93828 S   0.0   4.7   0:00.11 WRWorke+
   2973 alya      20   0 4204660 374920  93828 S   0.0   4.7   0:00.10 WRWorke+
   2974 alya      20   0 4204660 374920  93828 S   0.0   4.7   0:00.10 WRWorke+
   2975 alya      20   0 4204660 374920  93828 S   0.0   4.7   0:00.05 WRWorke+
   2976 alya      20   0 4204660 374920  93828 S   0.0   4.7   0:00.04 WRWorke+
   2977 alya      20   0 4204660 374920  93828 S   0.0   4.7   0:00.03 WRWorke+
   2978 alya      20   0 4204660 374920  93828 S   0.0   4.7   0:00.02 WRWorke+
   2980 alya      20   0 4204660 374920  93828 S   0.0   4.7   0:00.00 ImageIO
   3003 alya      20   0 4204660 374920  93828 S   0.0   4.7   0:00.00 Breakpa+
   3004 alya      20   0 4204660 374920  93828 S   0.0   4.7   0:00.00 firefox
   3005 alya      20   0 4204660 374920  93828 S   0.0   4.7   0:00.06 IPC Lau+
   3012 alya      20   0 4204660 374920  93828 S   0.0   4.7   0:00.09 DOM Wor+
   3013 alya      20   0 4204660 374920  93828 S   0.0   4.7   0:00.17 QuotaMa+
   3015 alya      20   0 4204660 374920  93828 S   0.0   4.7   0:00.00 FS Brok+
   3052 alya      20   0 4204660 374920  93828 S   0.0   4.7   0:03.46 TRR Bac+
   3063 alya      20   0 4204660 374920  93828 S   0.0   4.7   0:00.07 StyleTh+
   3064 alya      20   0 4204660 374920  93828 S   0.0   4.7   0:00.07 StyleTh+
   3065 alya      20   0 4204660 374920  93828 S   0.0   4.7   0:00.05 StyleTh+
   3067 alya      20   0 4204660 374920  93828 S   0.0   4.7   0:00.00 ImageBr+
   3069 alya      20   0 4204660 374920  93828 S   0.0   4.7   0:06.06 WRScene+
   3082 alya      20   0 4204660 374920  93828 S   0.0   4.7   0:00.00 GMPThre+
   3083 alya      20   0 4204660 374920  93828 S   0.0   4.7   0:00.01 FS Brok+
   3084 alya      20   0 4204660 374920  93828 S   0.0   4.7   0:00.00 Process+
   3103 alya     -11   0 4204660 374920  93828 S   0.0   4.7   0:37.47 AudioIP+
   3104 alya      20   0 4204660 374920  93828 S   0.0   4.7   3:48.21 AudioIP+
   3107 alya      20   0 4204660 374920  93828 S   0.0   4.7   0:00.00 FS Brok+
   3128 alya      20   0 4204660 374920  93828 S   0.0   4.7   0:00.00 dconf w+
   3130 alya      20   0 4204660 374920  93828 S   0.0   4.7   1:15.63 URL Cla+
   3132 alya      20   0 4204660 374920  93828 S   0.0   4.7   0:00.00 HTML5 P+
   3133 alya      20   0 4204660 374920  93828 S   0.0   4.7   0:00.00 WRScene+
   3134 alya      20   0 4204660 374920  93828 S   0.0   4.7   0:00.00 WRScene+
   3135 alya      20   0 4204660 374920  93828 S   0.0   4.7   0:00.00 WRRende+
   3141 alya      20   0 4204660 374920  93828 S   0.0   4.7   0:01.06 DOM Wor+
   3142 alya      21   1 4204660 374920  93828 S   0.0   4.7   0:00.94 localSt+
   3143 alya      21   1 4204660 374920  93828 S   0.0   4.7   0:00.00 localSt+
   3148 alya      20   0 4204660 374920  93828 S   0.0   4.7   0:00.00 FS Brok+
   3190 alya      20   0 4204660 374920  93828 S   0.0   4.7   0:00.25 mozStor+
   3200 alya      20   0 4204660 374920  93828 S   0.0   4.7   0:08.00 DOM Wor+
   3201 alya      20   0 4204660 374920  93828 S   0.0   4.7   0:00.64 mozStor+
   3203 alya      20   0 4204660 374920  93828 S   0.0   4.7   0:00.04 glean.d+
   3207 alya      20   0 4204660 374920  93828 S   0.0   4.7   0:00.00 glean.m+
   3210 alya      20   0 4204660 374920  93828 S   0.0   4.7   0:00.00 mozStor+
   3212 alya      20   0 4204660 374920  93828 S   0.0   4.7   0:00.41 mozStor+
   3213 alya      20   0 4204660 374920  93828 S   0.0   4.7   0:00.00 mozStor+
   3219 alya      20   0 4204660 374920  93828 S   0.0   4.7   0:00.00 FS Brok+
   3246 alya      20   0 4204660 374920  93828 S   0.0   4.7   0:00.01 mozStor+
   3247 alya      20   0 4204660 374920  93828 S   0.0   4.7   0:00.05 DOM Wor+
   3249 alya      20   0 4204660 374920  93828 S   0.0   4.7   0:00.06 mozStor+
   3254 alya      20   0 4204660 374920  93828 S   0.0   4.7   0:00.00 mozStor+
   3431 alya      20   0 4204660 374920  93828 S   0.0   4.7   0:00.00 FS Brok+
   3444 alya      20   0 4204660 374920  93828 S   0.0   4.7   0:00.00 SwCompo+
   3445 alya      20   0 4204660 374920  93828 S   0.0   4.7   0:00.00 WRScene+
   3446 alya      20   0 4204660 374920  93828 S   0.0   4.7   0:00.00 WRScene+
   3447 alya      20   0 4204660 374920  93828 S   0.0   4.7   0:00.00 WRRende+
   3489 alya      20   0 4204660 374920  93828 S   0.0   4.7   0:00.00 SwCompo+
   3490 alya      20   0 4204660 374920  93828 S   0.0   4.7   0:00.00 WRScene+
   3491 alya      20   0 4204660 374920  93828 S   0.0   4.7   0:00.00 WRScene+
   3492 alya      20   0 4204660 374920  93828 S   0.0   4.7   0:00.01 WRRende+
   4198 alya      20   0 4204660 374920  93828 S   0.0   4.7   0:00.07 DNS Res+
  11271 alya      20   0 4204660 374920  93828 S   0.0   4.7   0:39.27 threade+
  13131 alya      20   0 4204660 374920  93828 S   0.0   4.7   0:00.00 RemoteL+
  13427 alya      20   0 4204660 374920  93828 S   0.0   4.7   0:00.54 DOMCach+
  13903 alya      20   0 4204660 374920  93828 S   0.0   4.7   0:00.00 FS Brok+
  17807 alya      20   0 4204660 374920  93828 S   0.0   4.7   0:00.00 Backgro+

top - 08:02:18 up  8:22,  1 user,  load average: 0.73, 1.50, 1.89
Threads:  95 total,   0 running,  95 sleeping,   0 stopped,   0 zombie
%Cpu(s):  8.8 us,  1.5 sy,  0.0 ni, 86.9 id,  1.2 wa,  0.0 hi,  1.7 si,  0.0 st
MiB Mem :   7845.5 total,    516.3 free,   4903.8 used,   2425.4 buff/cache
MiB Swap:   2048.0 total,   1881.5 free,    166.5 used.   1613.3 avail Mem 

    PID USER      PR  NI    VIRT    RES    SHR S  %CPU  %MEM     TIME+ COMMAND
   2916 alya      20   0 4204660 374920  93828 S   2.0   4.7   5:42.95 IPC I/O+
   2979 alya      20   0 4204660 374920  93828 S   1.7   4.7   6:01.70 Composi+
   2965 alya      20   0 4204660 374920  93828 S   1.0   4.7   3:30.57 GLXVsyn+
   2970 alya      20   0 4204660 374920  93828 S   1.0   4.7  17:16.09 Renderer
   3068 alya      20   0 4204660 374920  93828 S   1.0   4.7   3:10.71 WRScene+
   2750 alya      20   0 4204660 374920  93828 S   0.7   4.7  10:22.29 firefox
   2981 alya      20   0 4204660 374920  93828 S   0.7   4.7   3:31.64 IPDL Ba+
   3070 alya      20   0 4204660 374920  93828 S   0.7   4.7   8:06.03 WRRende+
   3069 alya      20   0 4204660 374920  93828 S   0.3   4.7   0:06.07 WRScene+
   2914 alya      20   0 4204660 374920  93828 S   0.0   4.7   0:00.00 gmain
   2915 alya      20   0 4204660 374920  93828 S   0.0   4.7   0:00.26 gdbus
   2934 alya      20   0 4204660 374920  93828 S   0.0   4.7   0:04.87 Timer
   2935 alya      20   0 4204660 374920  93828 S   0.0   4.7   0:00.00 Netlink+
   2936 alya      20   0 4204660 374920  93828 S   0.0   4.7   4:17.25 Socket +
   2942 alya      20   0 4204660 374920  93828 S   0.0   4.7   0:00.02 Permiss+
   2946 alya      20   0 4204660 374920  93828 S   0.0   4.7   0:00.45 JS Watc+
   2947 alya      20   0 4204660 374920  93828 S   0.0   4.7   0:00.74 TaskCon+
   2948 alya      20   0 4204660 374920  93828 S   0.0   4.7   0:00.68 TaskCon+
   2949 alya      20   0 4204660 374920  93828 S   0.0   4.7   0:00.64 TaskCon+
   2950 alya      20   0 4204660 374920  93828 S   0.0   4.7   0:00.73 TaskCon+
   2954 alya      20   0 4204660 374920  93828 S   0.0   4.7   1:03.14 Cache2 +
   2955 alya      20   0 4204660 374920  93828 S   0.0   4.7   0:00.00 Cookie
   2960 alya      20   0 4204660 374920  93828 S   0.0   4.7   0:00.00 Worker +
   2961 alya      39  19 4204660 374920  93828 S   0.0   4.7   0:00.00 firefox+
   2962 alya      39  19 4204660 374920  93828 S   0.0   4.7   0:00.00 firefox+
   2963 alya      39  19 4204660 374920  93828 S   0.0   4.7   0:00.00 firefox+
   2964 alya      39  19 4204660 374920  93828 S   0.0   4.7   0:00.00 firefox+
   2966 alya      39  19 4204660 374920  93828 S   0.0   4.7   0:00.00 firefox+
   2967 alya      39  19 4204660 374920  93828 S   0.0   4.7   0:00.00 firefox+
   2968 alya      39  19 4204660 374920  93828 S   0.0   4.7   0:00.00 firefox+
   2969 alya      39  19 4204660 374920  93828 S   0.0   4.7   0:00.00 firefox+
   2971 alya      20   0 4204660 374920  93828 S   0.0   4.7   0:00.15 WRWorke+
   2972 alya      20   0 4204660 374920  93828 S   0.0   4.7   0:00.11 WRWorke+
   2973 alya      20   0 4204660 374920  93828 S   0.0   4.7   0:00.10 WRWorke+
   2974 alya      20   0 4204660 374920  93828 S   0.0   4.7   0:00.10 WRWorke+
   2975 alya      20   0 4204660 374920  93828 S   0.0   4.7   0:00.05 WRWorke+
   2976 alya      20   0 4204660 374920  93828 S   0.0   4.7   0:00.04 WRWorke+
   2977 alya      20   0 4204660 374920  93828 S   0.0   4.7   0:00.03 WRWorke+
   2978 alya      20   0 4204660 374920  93828 S   0.0   4.7   0:00.02 WRWorke+
   2980 alya      20   0 4204660 374920  93828 S   0.0   4.7   0:00.00 ImageIO
   3003 alya      20   0 4204660 374920  93828 S   0.0   4.7   0:00.00 Breakpa+
   3004 alya      20   0 4204660 374920  93828 S   0.0   4.7   0:00.00 firefox
   3005 alya      20   0 4204660 374920  93828 S   0.0   4.7   0:00.06 IPC Lau+
   3012 alya      20   0 4204660 374920  93828 S   0.0   4.7   0:00.09 DOM Wor+
   3013 alya      20   0 4204660 374920  93828 S   0.0   4.7   0:00.17 QuotaMa+
   3015 alya      20   0 4204660 374920  93828 S   0.0   4.7   0:00.00 FS Brok+
   3052 alya      20   0 4204660 374920  93828 S   0.0   4.7   0:03.46 TRR Bac+
   3063 alya      20   0 4204660 374920  93828 S   0.0   4.7   0:00.07 StyleTh+
   3064 alya      20   0 4204660 374920  93828 S   0.0   4.7   0:00.07 StyleTh+
   3065 alya      20   0 4204660 374920  93828 S   0.0   4.7   0:00.05 StyleTh+
   3067 alya      20   0 4204660 374920  93828 S   0.0   4.7   0:00.00 ImageBr+
   3082 alya      20   0 4204660 374920  93828 S   0.0   4.7   0:00.00 GMPThre+
   3083 alya      20   0 4204660 374920  93828 S   0.0   4.7   0:00.01 FS Brok+
   3084 alya      20   0 4204660 374920  93828 S   0.0   4.7   0:00.00 Process+
   3103 alya     -11   0 4204660 374920  93828 S   0.0   4.7   0:37.47 AudioIP+
   3104 alya      20   0 4204660 374920  93828 S   0.0   4.7   3:48.21 AudioIP+
   3107 alya      20   0 4204660 374920  93828 S   0.0   4.7   0:00.00 FS Brok+
   3128 alya      20   0 4204660 374920  93828 S   0.0   4.7   0:00.00 dconf w+
   3130 alya      20   0 4204660 374920  93828 S   0.0   4.7   1:15.63 URL Cla+
   3132 alya      20   0 4204660 374920  93828 S   0.0   4.7   0:00.00 HTML5 P+
   3133 alya      20   0 4204660 374920  93828 S   0.0   4.7   0:00.00 WRScene+
   3134 alya      20   0 4204660 374920  93828 S   0.0   4.7   0:00.00 WRScene+
   3135 alya      20   0 4204660 374920  93828 S   0.0   4.7   0:00.00 WRRende+
   3141 alya      20   0 4204660 374920  93828 S   0.0   4.7   0:01.06 DOM Wor+
   3142 alya      21   1 4204660 374920  93828 S   0.0   4.7   0:00.94 localSt+
   3143 alya      21   1 4204660 374920  93828 S   0.0   4.7   0:00.00 localSt+
   3148 alya      20   0 4204660 374920  93828 S   0.0   4.7   0:00.00 FS Brok+
   3190 alya      20   0 4204660 374920  93828 S   0.0   4.7   0:00.25 mozStor+
   3200 alya      20   0 4204660 374920  93828 S   0.0   4.7   0:08.00 DOM Wor+
   3201 alya      20   0 4204660 374920  93828 S   0.0   4.7   0:00.64 mozStor+
   3203 alya      20   0 4204660 374920  93828 S   0.0   4.7   0:00.04 glean.d+
   3207 alya      20   0 4204660 374920  93828 S   0.0   4.7   0:00.00 glean.m+
   3210 alya      20   0 4204660 374920  93828 S   0.0   4.7   0:00.00 mozStor+
   3212 alya      20   0 4204660 374920  93828 S   0.0   4.7   0:00.41 mozStor+
   3213 alya      20   0 4204660 374920  93828 S   0.0   4.7   0:00.00 mozStor+
   3219 alya      20   0 4204660 374920  93828 S   0.0   4.7   0:00.00 FS Brok+
   3246 alya      20   0 4204660 374920  93828 S   0.0   4.7   0:00.01 mozStor+
   3247 alya      20   0 4204660 374920  93828 S   0.0   4.7   0:00.05 DOM Wor+
   3249 alya      20   0 4204660 374920  93828 S   0.0   4.7   0:00.06 mozStor+
   3254 alya      20   0 4204660 374920  93828 S   0.0   4.7   0:00.00 mozStor+
   3431 alya      20   0 4204660 374920  93828 S   0.0   4.7   0:00.00 FS Brok+
   3444 alya      20   0 4204660 374920  93828 S   0.0   4.7   0:00.00 SwCompo+
   3445 alya      20   0 4204660 374920  93828 S   0.0   4.7   0:00.00 WRScene+
   3446 alya      20   0 4204660 374920  93828 S   0.0   4.7   0:00.00 WRScene+
   3447 alya      20   0 4204660 374920  93828 S   0.0   4.7   0:00.00 WRRende+
   3489 alya      20   0 4204660 374920  93828 S   0.0   4.7   0:00.00 SwCompo+
   3490 alya      20   0 4204660 374920  93828 S   0.0   4.7   0:00.00 WRScene+
   3491 alya      20   0 4204660 374920  93828 S   0.0   4.7   0:00.00 WRScene+
   3492 alya      20   0 4204660 374920  93828 S   0.0   4.7   0:00.01 WRRende+
   4198 alya      20   0 4204660 374920  93828 S   0.0   4.7   0:00.07 DNS Res+
  11271 alya      20   0 4204660 374920  93828 S   0.0   4.7   0:39.27 threade+
  13131 alya      20   0 4204660 374920  93828 S   0.0   4.7   0:00.00 RemoteL+
  13427 alya      20   0 4204660 374920  93828 S   0.0   4.7   0:00.54 DOMCach+
  13903 alya      20   0 4204660 374920  93828 S   0.0   4.7   0:00.00 FS Brok+
  17807 alya      20   0 4204660 374920  93828 S   0.0   4.7   0:00.00 Backgro+

top - 08:02:21 up  8:22,  1 user,  load average: 0.75, 1.49, 1.88
Threads:  95 total,   0 running,  95 sleeping,   0 stopped,   0 zombie
%Cpu(s):  8.6 us,  1.7 sy,  0.0 ni, 87.9 id,  0.6 wa,  0.0 hi,  1.3 si,  0.0 st
MiB Mem :   7845.5 total,    516.8 free,   4903.1 used,   2425.6 buff/cache
MiB Swap:   2048.0 total,   1881.5 free,    166.5 used.   1613.8 avail Mem 

    PID USER      PR  NI    VIRT    RES    SHR S  %CPU  %MEM     TIME+ COMMAND
   2979 alya      20   0 4204660 374920  93828 S   1.3   4.7   6:01.74 Composi+
   2916 alya      20   0 4204660 374920  93828 S   1.0   4.7   5:42.98 IPC I/O+
   2965 alya      20   0 4204660 374920  93828 S   1.0   4.7   3:30.60 GLXVsyn+
   2970 alya      20   0 4204660 374920  93828 S   0.7   4.7  17:16.11 Renderer
   2981 alya      20   0 4204660 374920  93828 S   0.7   4.7   3:31.66 IPDL Ba+
   3068 alya      20   0 4204660 374920  93828 S   0.7   4.7   3:10.73 WRScene+
   2750 alya      20   0 4204660 374920  93828 S   0.3   4.7  10:22.30 firefox
   2914 alya      20   0 4204660 374920  93828 S   0.0   4.7   0:00.00 gmain
   2915 alya      20   0 4204660 374920  93828 S   0.0   4.7   0:00.26 gdbus
   2934 alya      20   0 4204660 374920  93828 S   0.0   4.7   0:04.87 Timer
   2935 alya      20   0 4204660 374920  93828 S   0.0   4.7   0:00.00 Netlink+
   2936 alya      20   0 4204660 374920  93828 S   0.0   4.7   4:17.25 Socket +
   2942 alya      20   0 4204660 374920  93828 S   0.0   4.7   0:00.02 Permiss+
   2946 alya      20   0 4204660 374920  93828 S   0.0   4.7   0:00.45 JS Watc+
   2947 alya      20   0 4204660 374920  93828 S   0.0   4.7   0:00.74 TaskCon+
   2948 alya      20   0 4204660 374920  93828 S   0.0   4.7   0:00.68 TaskCon+
   2949 alya      20   0 4204660 374920  93828 S   0.0   4.7   0:00.64 TaskCon+
   2950 alya      20   0 4204660 374920  93828 S   0.0   4.7   0:00.73 TaskCon+
   2954 alya      20   0 4204660 374920  93828 S   0.0   4.7   1:03.14 Cache2 +
   2955 alya      20   0 4204660 374920  93828 S   0.0   4.7   0:00.00 Cookie
   2960 alya      20   0 4204660 374920  93828 S   0.0   4.7   0:00.00 Worker +
   2961 alya      39  19 4204660 374920  93828 S   0.0   4.7   0:00.00 firefox+
   2962 alya      39  19 4204660 374920  93828 S   0.0   4.7   0:00.00 firefox+
   2963 alya      39  19 4204660 374920  93828 S   0.0   4.7   0:00.00 firefox+
   2964 alya      39  19 4204660 374920  93828 S   0.0   4.7   0:00.00 firefox+
   2966 alya      39  19 4204660 374920  93828 S   0.0   4.7   0:00.00 firefox+
   2967 alya      39  19 4204660 374920  93828 S   0.0   4.7   0:00.00 firefox+
   2968 alya      39  19 4204660 374920  93828 S   0.0   4.7   0:00.00 firefox+
   2969 alya      39  19 4204660 374920  93828 S   0.0   4.7   0:00.00 firefox+
   2971 alya      20   0 4204660 374920  93828 S   0.0   4.7   0:00.15 WRWorke+
   2972 alya      20   0 4204660 374920  93828 S   0.0   4.7   0:00.11 WRWorke+
   2973 alya      20   0 4204660 374920  93828 S   0.0   4.7   0:00.10 WRWorke+
   2974 alya      20   0 4204660 374920  93828 S   0.0   4.7   0:00.10 WRWorke+
   2975 alya      20   0 4204660 374920  93828 S   0.0   4.7   0:00.05 WRWorke+
   2976 alya      20   0 4204660 374920  93828 S   0.0   4.7   0:00.04 WRWorke+
   2977 alya      20   0 4204660 374920  93828 S   0.0   4.7   0:00.03 WRWorke+
   2978 alya      20   0 4204660 374920  93828 S   0.0   4.7   0:00.02 WRWorke+
   2980 alya      20   0 4204660 374920  93828 S   0.0   4.7   0:00.00 ImageIO
   3003 alya      20   0 4204660 374920  93828 S   0.0   4.7   0:00.00 Breakpa+
   3004 alya      20   0 4204660 374920  93828 S   0.0   4.7   0:00.00 firefox
   3005 alya      20   0 4204660 374920  93828 S   0.0   4.7   0:00.06 IPC Lau+
   3012 alya      20   0 4204660 374920  93828 S   0.0   4.7   0:00.09 DOM Wor+
   3013 alya      20   0 4204660 374920  93828 S   0.0   4.7   0:00.17 QuotaMa+
   3015 alya      20   0 4204660 374920  93828 S   0.0   4.7   0:00.00 FS Brok+
   3052 alya      20   0 4204660 374920  93828 S   0.0   4.7   0:03.46 TRR Bac+
   3063 alya      20   0 4204660 374920  93828 S   0.0   4.7   0:00.07 StyleTh+
   3064 alya      20   0 4204660 374920  93828 S   0.0   4.7   0:00.07 StyleTh+
   3065 alya      20   0 4204660 374920  93828 S   0.0   4.7   0:00.05 StyleTh+
   3067 alya      20   0 4204660 374920  93828 S   0.0   4.7   0:00.00 ImageBr+
   3069 alya      20   0 4204660 374920  93828 S   0.0   4.7   0:06.07 WRScene+
   3070 alya      20   0 4204660 374920  93828 S   0.0   4.7   8:06.03 WRRende+
   3082 alya      20   0 4204660 374920  93828 S   0.0   4.7   0:00.00 GMPThre+
   3083 alya      20   0 4204660 374920  93828 S   0.0   4.7   0:00.01 FS Brok+
   3084 alya      20   0 4204660 374920  93828 S   0.0   4.7   0:00.00 Process+
   3103 alya     -11   0 4204660 374920  93828 S   0.0   4.7   0:37.47 AudioIP+
   3104 alya      20   0 4204660 374920  93828 S   0.0   4.7   3:48.21 AudioIP+
   3107 alya      20   0 4204660 374920  93828 S   0.0   4.7   0:00.00 FS Brok+
   3128 alya      20   0 4204660 374920  93828 S   0.0   4.7   0:00.00 dconf w+
   3130 alya      20   0 4204660 374920  93828 S   0.0   4.7   1:15.63 URL Cla+
   3132 alya      20   0 4204660 374920  93828 S   0.0   4.7   0:00.00 HTML5 P+
   3133 alya      20   0 4204660 374920  93828 S   0.0   4.7   0:00.00 WRScene+
   3134 alya      20   0 4204660 374920  93828 S   0.0   4.7   0:00.00 WRScene+
   3135 alya      20   0 4204660 374920  93828 S   0.0   4.7   0:00.00 WRRende+
   3141 alya      20   0 4204660 374920  93828 S   0.0   4.7   0:01.06 DOM Wor+
   3142 alya      21   1 4204660 374920  93828 S   0.0   4.7   0:00.94 localSt+
   3143 alya      21   1 4204660 374920  93828 S   0.0   4.7   0:00.00 localSt+
   3148 alya      20   0 4204660 374920  93828 S   0.0   4.7   0:00.00 FS Brok+
   3190 alya      20   0 4204660 374920  93828 S   0.0   4.7   0:00.25 mozStor+
   3200 alya      20   0 4204660 374920  93828 S   0.0   4.7   0:08.00 DOM Wor+
   3201 alya      20   0 4204660 374920  93828 S   0.0   4.7   0:00.64 mozStor+
   3203 alya      20   0 4204660 374920  93828 S   0.0   4.7   0:00.04 glean.d+
   3207 alya      20   0 4204660 374920  93828 S   0.0   4.7   0:00.00 glean.m+
   3210 alya      20   0 4204660 374920  93828 S   0.0   4.7   0:00.00 mozStor+
   3212 alya      20   0 4204660 374920  93828 S   0.0   4.7   0:00.41 mozStor+
   3213 alya      20   0 4204660 374920  93828 S   0.0   4.7   0:00.00 mozStor+
   3219 alya      20   0 4204660 374920  93828 S   0.0   4.7   0:00.00 FS Brok+
   3246 alya      20   0 4204660 374920  93828 S   0.0   4.7   0:00.01 mozStor+
   3247 alya      20   0 4204660 374920  93828 S   0.0   4.7   0:00.05 DOM Wor+
   3249 alya      20   0 4204660 374920  93828 S   0.0   4.7   0:00.06 mozStor+
   3254 alya      20   0 4204660 374920  93828 S   0.0   4.7   0:00.00 mozStor+
   3431 alya      20   0 4204660 374920  93828 S   0.0   4.7   0:00.00 FS Brok+
   3444 alya      20   0 4204660 374920  93828 S   0.0   4.7   0:00.00 SwCompo+
   3445 alya      20   0 4204660 374920  93828 S   0.0   4.7   0:00.00 WRScene+
   3446 alya      20   0 4204660 374920  93828 S   0.0   4.7   0:00.00 WRScene+
   3447 alya      20   0 4204660 374920  93828 S   0.0   4.7   0:00.00 WRRende+
   3489 alya      20   0 4204660 374920  93828 S   0.0   4.7   0:00.00 SwCompo+
   3490 alya      20   0 4204660 374920  93828 S   0.0   4.7   0:00.00 WRScene+
   3491 alya      20   0 4204660 374920  93828 S   0.0   4.7   0:00.00 WRScene+
   3492 alya      20   0 4204660 374920  93828 S   0.0   4.7   0:00.01 WRRende+
   4198 alya      20   0 4204660 374920  93828 S   0.0   4.7   0:00.07 DNS Res+
  11271 alya      20   0 4204660 374920  93828 S   0.0   4.7   0:39.27 threade+
  13131 alya      20   0 4204660 374920  93828 S   0.0   4.7   0:00.00 RemoteL+
  13427 alya      20   0 4204660 374920  93828 S   0.0   4.7   0:00.54 DOMCach+
  13903 alya      20   0 4204660 374920  93828 S   0.0   4.7   0:00.00 FS Brok+
  17807 alya      20   0 4204660 374920  93828 S   0.0   4.7   0:00.00 Backgro+
